e:\visualstudio15projects\quik-deform\quikdeformplugin\debug\quikdeformplugin.pdb
e:\visualstudio15projects\quik-deform\quikdeformplugin\debug\quikdeformplugin.idb
e:\visualstudio15projects\quik-deform\quikdeformplugin\debug\groundconstraint.obj
e:\visualstudio15projects\quik-deform\quikdeformplugin\debug\main.obj
e:\visualstudio15projects\quik-deform\quikdeformplugin\debug\objgenerator.obj
e:\visualstudio15projects\quik-deform\quikdeformplugin\debug\positionconstraint.obj
e:\visualstudio15projects\quik-deform\quikdeformplugin\debug\quikdeformer.obj
e:\visualstudio15projects\quik-deform\quikdeformplugin\debug\svd.obj
e:\visualstudio15projects\quik-deform\quikdeformplugin\debug\tetstrainconstraint.obj
e:\visualstudio15projects\quik-deform\quikdeformplugin\debug\trianglestrainconstraint.obj
e:\visualstudio15projects\quik-deform\quikdeformplugin\debug\quikdeformnode.obj
e:\visualstudio15projects\quik-deform\quikdeformplugin\debug\quikdeformplugin.exp
e:\visualstudio15projects\quik-deform\quikdeformplugin\debug\quikdeformplugin.tlog\cl.command.1.tlog
e:\visualstudio15projects\quik-deform\quikdeformplugin\debug\quikdeformplugin.tlog\cl.read.1.tlog
e:\visualstudio15projects\quik-deform\quikdeformplugin\debug\quikdeformplugin.tlog\cl.write.1.tlog
e:\visualstudio15projects\quik-deform\quikdeformplugin\debug\quikdeformplugin.tlog\link-cvtres.read.1.tlog
e:\visualstudio15projects\quik-deform\quikdeformplugin\debug\quikdeformplugin.tlog\link-cvtres.write.1.tlog
e:\visualstudio15projects\quik-deform\quikdeformplugin\debug\quikdeformplugin.tlog\link-rc.read.1.tlog
e:\visualstudio15projects\quik-deform\quikdeformplugin\debug\quikdeformplugin.tlog\link-rc.write.1.tlog
e:\visualstudio15projects\quik-deform\quikdeformplugin\debug\quikdeformplugin.tlog\link.command.1.tlog
e:\visualstudio15projects\quik-deform\quikdeformplugin\debug\quikdeformplugin.tlog\link.read.1.tlog
e:\visualstudio15projects\quik-deform\quikdeformplugin\debug\quikdeformplugin.tlog\link.write.1.tlog
