Performing C SOURCE FILE Test OpenMP_FLAG_DETECTED failed with the following output:
Change Dir: /Users/joshwolper/Desktop/quik-deform/quik-deform/cmake-build-debug/CMakeFiles/CMakeTmp

Run Build Command:"/opt/local/bin/gmake" "cmTC_9f005/fast"
/opt/local/bin/gmake -f CMakeFiles/cmTC_9f005.dir/build.make CMakeFiles/cmTC_9f005.dir/build
gmake[1]: Entering directory '/Users/joshwolper/Desktop/quik-deform/quik-deform/cmake-build-debug/CMakeFiles/CMakeTmp'
Building C object CMakeFiles/cmTC_9f005.dir/src.c.o
/Applications/Xcode.app/Contents/Developer/Toolchains/XcodeDefault.xctoolchain/usr/bin/cc   -DOpenMP_FLAG_DETECTED   -o CMakeFiles/cmTC_9f005.dir/src.c.o   -c /Users/joshwolper/Desktop/quik-deform/quik-deform/cmake-build-debug/CMakeFiles/CMakeTmp/src.c
/Users/joshwolper/Desktop/quik-deform/quik-deform/cmake-build-debug/CMakeFiles/CMakeTmp/src.c:2:10: fatal error: 'omp.h' file not found
#include <omp.h>
         ^
1 error generated.
CMakeFiles/cmTC_9f005.dir/build.make:65: recipe for target 'CMakeFiles/cmTC_9f005.dir/src.c.o' failed
gmake[1]: *** [CMakeFiles/cmTC_9f005.dir/src.c.o] Error 1
gmake[1]: Leaving directory '/Users/joshwolper/Desktop/quik-deform/quik-deform/cmake-build-debug/CMakeFiles/CMakeTmp'
Makefile:126: recipe for target 'cmTC_9f005/fast' failed
gmake: *** [cmTC_9f005/fast] Error 2

Source file was:

#include <omp.h>
int main() {
#ifdef _OPENMP
  return 0;
#else
  breaks_on_purpose
#endif
}

Performing C SOURCE FILE Test OpenMP_FLAG_DETECTED failed with the following output:
Change Dir: /Users/joshwolper/Desktop/quik-deform/quik-deform/cmake-build-debug/CMakeFiles/CMakeTmp

Run Build Command:"/opt/local/bin/gmake" "cmTC_1742b/fast"
/opt/local/bin/gmake -f CMakeFiles/cmTC_1742b.dir/build.make CMakeFiles/cmTC_1742b.dir/build
gmake[1]: Entering directory '/Users/joshwolper/Desktop/quik-deform/quik-deform/cmake-build-debug/CMakeFiles/CMakeTmp'
Building C object CMakeFiles/cmTC_1742b.dir/src.c.o
/Applications/Xcode.app/Contents/Developer/Toolchains/XcodeDefault.xctoolchain/usr/bin/cc   -DOpenMP_FLAG_DETECTED -fopenmp   -o CMakeFiles/cmTC_1742b.dir/src.c.o   -c /Users/joshwolper/Desktop/quik-deform/quik-deform/cmake-build-debug/CMakeFiles/CMakeTmp/src.c
clang: error: unsupported option '-fopenmp'
CMakeFiles/cmTC_1742b.dir/build.make:65: recipe for target 'CMakeFiles/cmTC_1742b.dir/src.c.o' failed
gmake[1]: *** [CMakeFiles/cmTC_1742b.dir/src.c.o] Error 1
gmake[1]: Leaving directory '/Users/joshwolper/Desktop/quik-deform/quik-deform/cmake-build-debug/CMakeFiles/CMakeTmp'
Makefile:126: recipe for target 'cmTC_1742b/fast' failed
gmake: *** [cmTC_1742b/fast] Error 2

Source file was:

#include <omp.h>
int main() {
#ifdef _OPENMP
  return 0;
#else
  breaks_on_purpose
#endif
}

Performing C SOURCE FILE Test OpenMP_FLAG_DETECTED failed with the following output:
Change Dir: /Users/joshwolper/Desktop/quik-deform/quik-deform/cmake-build-debug/CMakeFiles/CMakeTmp

Run Build Command:"/opt/local/bin/gmake" "cmTC_b8930/fast"
/opt/local/bin/gmake -f CMakeFiles/cmTC_b8930.dir/build.make CMakeFiles/cmTC_b8930.dir/build
gmake[1]: Entering directory '/Users/joshwolper/Desktop/quik-deform/quik-deform/cmake-build-debug/CMakeFiles/CMakeTmp'
Building C object CMakeFiles/cmTC_b8930.dir/src.c.o
/Applications/Xcode.app/Contents/Developer/Toolchains/XcodeDefault.xctoolchain/usr/bin/cc   -DOpenMP_FLAG_DETECTED -fopenmp=libomp   -o CMakeFiles/cmTC_b8930.dir/src.c.o   -c /Users/joshwolper/Desktop/quik-deform/quik-deform/cmake-build-debug/CMakeFiles/CMakeTmp/src.c
clang: error: unsupported argument 'libomp' to option 'fopenmp='
CMakeFiles/cmTC_b8930.dir/build.make:65: recipe for target 'CMakeFiles/cmTC_b8930.dir/src.c.o' failed
gmake[1]: *** [CMakeFiles/cmTC_b8930.dir/src.c.o] Error 1
gmake[1]: Leaving directory '/Users/joshwolper/Desktop/quik-deform/quik-deform/cmake-build-debug/CMakeFiles/CMakeTmp'
Makefile:126: recipe for target 'cmTC_b8930/fast' failed
gmake: *** [cmTC_b8930/fast] Error 2

Source file was:

#include <omp.h>
int main() {
#ifdef _OPENMP
  return 0;
#else
  breaks_on_purpose
#endif
}

Performing C SOURCE FILE Test OpenMP_FLAG_DETECTED failed with the following output:
Change Dir: /Users/joshwolper/Desktop/quik-deform/quik-deform/cmake-build-debug/CMakeFiles/CMakeTmp

Run Build Command:"/opt/local/bin/gmake" "cmTC_d5498/fast"
/opt/local/bin/gmake -f CMakeFiles/cmTC_d5498.dir/build.make CMakeFiles/cmTC_d5498.dir/build
gmake[1]: Entering directory '/Users/joshwolper/Desktop/quik-deform/quik-deform/cmake-build-debug/CMakeFiles/CMakeTmp'
Building C object CMakeFiles/cmTC_d5498.dir/src.c.o
/Applications/Xcode.app/Contents/Developer/Toolchains/XcodeDefault.xctoolchain/usr/bin/cc   -DOpenMP_FLAG_DETECTED /openmp   -o CMakeFiles/cmTC_d5498.dir/src.c.o   -c /Users/joshwolper/Desktop/quik-deform/quik-deform/cmake-build-debug/CMakeFiles/CMakeTmp/src.c
clang: error: no such file or directory: '/openmp'
CMakeFiles/cmTC_d5498.dir/build.make:65: recipe for target 'CMakeFiles/cmTC_d5498.dir/src.c.o' failed
gmake[1]: *** [CMakeFiles/cmTC_d5498.dir/src.c.o] Error 1
gmake[1]: Leaving directory '/Users/joshwolper/Desktop/quik-deform/quik-deform/cmake-build-debug/CMakeFiles/CMakeTmp'
Makefile:126: recipe for target 'cmTC_d5498/fast' failed
gmake: *** [cmTC_d5498/fast] Error 2

Source file was:

#include <omp.h>
int main() {
#ifdef _OPENMP
  return 0;
#else
  breaks_on_purpose
#endif
}

Performing C SOURCE FILE Test OpenMP_FLAG_DETECTED failed with the following output:
Change Dir: /Users/joshwolper/Desktop/quik-deform/quik-deform/cmake-build-debug/CMakeFiles/CMakeTmp

Run Build Command:"/opt/local/bin/gmake" "cmTC_ea798/fast"
/opt/local/bin/gmake -f CMakeFiles/cmTC_ea798.dir/build.make CMakeFiles/cmTC_ea798.dir/build
gmake[1]: Entering directory '/Users/joshwolper/Desktop/quik-deform/quik-deform/cmake-build-debug/CMakeFiles/CMakeTmp'
Building C object CMakeFiles/cmTC_ea798.dir/src.c.o
/Applications/Xcode.app/Contents/Developer/Toolchains/XcodeDefault.xctoolchain/usr/bin/cc   -DOpenMP_FLAG_DETECTED -Qopenmp   -o CMakeFiles/cmTC_ea798.dir/src.c.o   -c /Users/joshwolper/Desktop/quik-deform/quik-deform/cmake-build-debug/CMakeFiles/CMakeTmp/src.c
clang: error: unknown argument: '-Qopenmp'
CMakeFiles/cmTC_ea798.dir/build.make:65: recipe for target 'CMakeFiles/cmTC_ea798.dir/src.c.o' failed
gmake[1]: *** [CMakeFiles/cmTC_ea798.dir/src.c.o] Error 1
gmake[1]: Leaving directory '/Users/joshwolper/Desktop/quik-deform/quik-deform/cmake-build-debug/CMakeFiles/CMakeTmp'
Makefile:126: recipe for target 'cmTC_ea798/fast' failed
gmake: *** [cmTC_ea798/fast] Error 2

Source file was:

#include <omp.h>
int main() {
#ifdef _OPENMP
  return 0;
#else
  breaks_on_purpose
#endif
}

Performing C SOURCE FILE Test OpenMP_FLAG_DETECTED failed with the following output:
Change Dir: /Users/joshwolper/Desktop/quik-deform/quik-deform/cmake-build-debug/CMakeFiles/CMakeTmp

Run Build Command:"/opt/local/bin/gmake" "cmTC_bb9db/fast"
/opt/local/bin/gmake -f CMakeFiles/cmTC_bb9db.dir/build.make CMakeFiles/cmTC_bb9db.dir/build
gmake[1]: Entering directory '/Users/joshwolper/Desktop/quik-deform/quik-deform/cmake-build-debug/CMakeFiles/CMakeTmp'
Building C object CMakeFiles/cmTC_bb9db.dir/src.c.o
/Applications/Xcode.app/Contents/Developer/Toolchains/XcodeDefault.xctoolchain/usr/bin/cc   -DOpenMP_FLAG_DETECTED -openmp   -o CMakeFiles/cmTC_bb9db.dir/src.c.o   -c /Users/joshwolper/Desktop/quik-deform/quik-deform/cmake-build-debug/CMakeFiles/CMakeTmp/src.c
/Users/joshwolper/Desktop/quik-deform/quik-deform/cmake-build-debug/CMakeFiles/CMakeTmp/src.c:2:10: fatal error: 'omp.h' file not found
#include <omp.h>
         ^
1 error generated.
CMakeFiles/cmTC_bb9db.dir/build.make:65: recipe for target 'CMakeFiles/cmTC_bb9db.dir/src.c.o' failed
gmake[1]: *** [CMakeFiles/cmTC_bb9db.dir/src.c.o] Error 1
gmake[1]: Leaving directory '/Users/joshwolper/Desktop/quik-deform/quik-deform/cmake-build-debug/CMakeFiles/CMakeTmp'
Makefile:126: recipe for target 'cmTC_bb9db/fast' failed
gmake: *** [cmTC_bb9db/fast] Error 2

Source file was:

#include <omp.h>
int main() {
#ifdef _OPENMP
  return 0;
#else
  breaks_on_purpose
#endif
}

Performing C SOURCE FILE Test OpenMP_FLAG_DETECTED failed with the following output:
Change Dir: /Users/joshwolper/Desktop/quik-deform/quik-deform/cmake-build-debug/CMakeFiles/CMakeTmp

Run Build Command:"/opt/local/bin/gmake" "cmTC_2cea7/fast"
/opt/local/bin/gmake -f CMakeFiles/cmTC_2cea7.dir/build.make CMakeFiles/cmTC_2cea7.dir/build
gmake[1]: Entering directory '/Users/joshwolper/Desktop/quik-deform/quik-deform/cmake-build-debug/CMakeFiles/CMakeTmp'
Building C object CMakeFiles/cmTC_2cea7.dir/src.c.o
/Applications/Xcode.app/Contents/Developer/Toolchains/XcodeDefault.xctoolchain/usr/bin/cc   -DOpenMP_FLAG_DETECTED -xopenmp   -o CMakeFiles/cmTC_2cea7.dir/src.c.o   -c /Users/joshwolper/Desktop/quik-deform/quik-deform/cmake-build-debug/CMakeFiles/CMakeTmp/src.c
clang: error: language not recognized: 'openmp'
clang: warning: /Users/joshwolper/Desktop/quik-deform/quik-deform/cmake-build-debug/CMakeFiles/CMakeTmp/src.c: 'linker' input unused
CMakeFiles/cmTC_2cea7.dir/build.make:65: recipe for target 'CMakeFiles/cmTC_2cea7.dir/src.c.o' failed
gmake[1]: *** [CMakeFiles/cmTC_2cea7.dir/src.c.o] Error 1
gmake[1]: Leaving directory '/Users/joshwolper/Desktop/quik-deform/quik-deform/cmake-build-debug/CMakeFiles/CMakeTmp'
Makefile:126: recipe for target 'cmTC_2cea7/fast' failed
gmake: *** [cmTC_2cea7/fast] Error 2

Source file was:

#include <omp.h>
int main() {
#ifdef _OPENMP
  return 0;
#else
  breaks_on_purpose
#endif
}

Performing C SOURCE FILE Test OpenMP_FLAG_DETECTED failed with the following output:
Change Dir: /Users/joshwolper/Desktop/quik-deform/quik-deform/cmake-build-debug/CMakeFiles/CMakeTmp

Run Build Command:"/opt/local/bin/gmake" "cmTC_060bb/fast"
/opt/local/bin/gmake -f CMakeFiles/cmTC_060bb.dir/build.make CMakeFiles/cmTC_060bb.dir/build
gmake[1]: Entering directory '/Users/joshwolper/Desktop/quik-deform/quik-deform/cmake-build-debug/CMakeFiles/CMakeTmp'
Building C object CMakeFiles/cmTC_060bb.dir/src.c.o
/Applications/Xcode.app/Contents/Developer/Toolchains/XcodeDefault.xctoolchain/usr/bin/cc   -DOpenMP_FLAG_DETECTED +Oopenmp   -o CMakeFiles/cmTC_060bb.dir/src.c.o   -c /Users/joshwolper/Desktop/quik-deform/quik-deform/cmake-build-debug/CMakeFiles/CMakeTmp/src.c
clang: error: no such file or directory: '+Oopenmp'
CMakeFiles/cmTC_060bb.dir/build.make:65: recipe for target 'CMakeFiles/cmTC_060bb.dir/src.c.o' failed
gmake[1]: *** [CMakeFiles/cmTC_060bb.dir/src.c.o] Error 1
gmake[1]: Leaving directory '/Users/joshwolper/Desktop/quik-deform/quik-deform/cmake-build-debug/CMakeFiles/CMakeTmp'
Makefile:126: recipe for target 'cmTC_060bb/fast' failed
gmake: *** [cmTC_060bb/fast] Error 2

Source file was:

#include <omp.h>
int main() {
#ifdef _OPENMP
  return 0;
#else
  breaks_on_purpose
#endif
}

Performing C SOURCE FILE Test OpenMP_FLAG_DETECTED failed with the following output:
Change Dir: /Users/joshwolper/Desktop/quik-deform/quik-deform/cmake-build-debug/CMakeFiles/CMakeTmp

Run Build Command:"/opt/local/bin/gmake" "cmTC_fefd6/fast"
/opt/local/bin/gmake -f CMakeFiles/cmTC_fefd6.dir/build.make CMakeFiles/cmTC_fefd6.dir/build
gmake[1]: Entering directory '/Users/joshwolper/Desktop/quik-deform/quik-deform/cmake-build-debug/CMakeFiles/CMakeTmp'
Building C object CMakeFiles/cmTC_fefd6.dir/src.c.o
/Applications/Xcode.app/Contents/Developer/Toolchains/XcodeDefault.xctoolchain/usr/bin/cc   -DOpenMP_FLAG_DETECTED -qsmp   -o CMakeFiles/cmTC_fefd6.dir/src.c.o   -c /Users/joshwolper/Desktop/quik-deform/quik-deform/cmake-build-debug/CMakeFiles/CMakeTmp/src.c
clang: error: unknown argument: '-qsmp'
CMakeFiles/cmTC_fefd6.dir/build.make:65: recipe for target 'CMakeFiles/cmTC_fefd6.dir/src.c.o' failed
gmake[1]: *** [CMakeFiles/cmTC_fefd6.dir/src.c.o] Error 1
gmake[1]: Leaving directory '/Users/joshwolper/Desktop/quik-deform/quik-deform/cmake-build-debug/CMakeFiles/CMakeTmp'
Makefile:126: recipe for target 'cmTC_fefd6/fast' failed
gmake: *** [cmTC_fefd6/fast] Error 2

Source file was:

#include <omp.h>
int main() {
#ifdef _OPENMP
  return 0;
#else
  breaks_on_purpose
#endif
}

Performing C SOURCE FILE Test OpenMP_FLAG_DETECTED failed with the following output:
Change Dir: /Users/joshwolper/Desktop/quik-deform/quik-deform/cmake-build-debug/CMakeFiles/CMakeTmp

Run Build Command:"/opt/local/bin/gmake" "cmTC_6fdf9/fast"
/opt/local/bin/gmake -f CMakeFiles/cmTC_6fdf9.dir/build.make CMakeFiles/cmTC_6fdf9.dir/build
gmake[1]: Entering directory '/Users/joshwolper/Desktop/quik-deform/quik-deform/cmake-build-debug/CMakeFiles/CMakeTmp'
Building C object CMakeFiles/cmTC_6fdf9.dir/src.c.o
/Applications/Xcode.app/Contents/Developer/Toolchains/XcodeDefault.xctoolchain/usr/bin/cc   -DOpenMP_FLAG_DETECTED -mp   -o CMakeFiles/cmTC_6fdf9.dir/src.c.o   -c /Users/joshwolper/Desktop/quik-deform/quik-deform/cmake-build-debug/CMakeFiles/CMakeTmp/src.c
clang: error: unknown argument: '-mp'
CMakeFiles/cmTC_6fdf9.dir/build.make:65: recipe for target 'CMakeFiles/cmTC_6fdf9.dir/src.c.o' failed
gmake[1]: *** [CMakeFiles/cmTC_6fdf9.dir/src.c.o] Error 1
gmake[1]: Leaving directory '/Users/joshwolper/Desktop/quik-deform/quik-deform/cmake-build-debug/CMakeFiles/CMakeTmp'
Makefile:126: recipe for target 'cmTC_6fdf9/fast' failed
gmake: *** [cmTC_6fdf9/fast] Error 2

Source file was:

#include <omp.h>
int main() {
#ifdef _OPENMP
  return 0;
#else
  breaks_on_purpose
#endif
}

Performing C++ SOURCE FILE Test OpenMP_FLAG_DETECTED failed with the following output:
Change Dir: /Users/joshwolper/Desktop/quik-deform/quik-deform/cmake-build-debug/CMakeFiles/CMakeTmp

Run Build Command:"/opt/local/bin/gmake" "cmTC_17646/fast"
/opt/local/bin/gmake -f CMakeFiles/cmTC_17646.dir/build.make CMakeFiles/cmTC_17646.dir/build
gmake[1]: Entering directory '/Users/joshwolper/Desktop/quik-deform/quik-deform/cmake-build-debug/CMakeFiles/CMakeTmp'
Building CXX object CMakeFiles/cmTC_17646.dir/src.cxx.o
/Applications/Xcode.app/Contents/Developer/Toolchains/XcodeDefault.xctoolchain/usr/bin/c++    -O3  -DOpenMP_FLAG_DETECTED   -std=gnu++11 -o CMakeFiles/cmTC_17646.dir/src.cxx.o -c /Users/joshwolper/Desktop/quik-deform/quik-deform/cmake-build-debug/CMakeFiles/CMakeTmp/src.cxx
/Users/joshwolper/Desktop/quik-deform/quik-deform/cmake-build-debug/CMakeFiles/CMakeTmp/src.cxx:2:10: fatal error: 'omp.h' file not found
#include <omp.h>
         ^
1 error generated.
CMakeFiles/cmTC_17646.dir/build.make:65: recipe for target 'CMakeFiles/cmTC_17646.dir/src.cxx.o' failed
gmake[1]: *** [CMakeFiles/cmTC_17646.dir/src.cxx.o] Error 1
gmake[1]: Leaving directory '/Users/joshwolper/Desktop/quik-deform/quik-deform/cmake-build-debug/CMakeFiles/CMakeTmp'
Makefile:126: recipe for target 'cmTC_17646/fast' failed
gmake: *** [cmTC_17646/fast] Error 2

Source file was:

#include <omp.h>
int main() {
#ifdef _OPENMP
  return 0;
#else
  breaks_on_purpose
#endif
}

Performing C++ SOURCE FILE Test OpenMP_FLAG_DETECTED failed with the following output:
Change Dir: /Users/joshwolper/Desktop/quik-deform/quik-deform/cmake-build-debug/CMakeFiles/CMakeTmp

Run Build Command:"/opt/local/bin/gmake" "cmTC_a840c/fast"
/opt/local/bin/gmake -f CMakeFiles/cmTC_a840c.dir/build.make CMakeFiles/cmTC_a840c.dir/build
gmake[1]: Entering directory '/Users/joshwolper/Desktop/quik-deform/quik-deform/cmake-build-debug/CMakeFiles/CMakeTmp'
Building CXX object CMakeFiles/cmTC_a840c.dir/src.cxx.o
/Applications/Xcode.app/Contents/Developer/Toolchains/XcodeDefault.xctoolchain/usr/bin/c++    -O3  -DOpenMP_FLAG_DETECTED -fopenmp   -std=gnu++11 -o CMakeFiles/cmTC_a840c.dir/src.cxx.o -c /Users/joshwolper/Desktop/quik-deform/quik-deform/cmake-build-debug/CMakeFiles/CMakeTmp/src.cxx
clang: error: unsupported option '-fopenmp'
CMakeFiles/cmTC_a840c.dir/build.make:65: recipe for target 'CMakeFiles/cmTC_a840c.dir/src.cxx.o' failed
gmake[1]: *** [CMakeFiles/cmTC_a840c.dir/src.cxx.o] Error 1
gmake[1]: Leaving directory '/Users/joshwolper/Desktop/quik-deform/quik-deform/cmake-build-debug/CMakeFiles/CMakeTmp'
Makefile:126: recipe for target 'cmTC_a840c/fast' failed
gmake: *** [cmTC_a840c/fast] Error 2

Source file was:

#include <omp.h>
int main() {
#ifdef _OPENMP
  return 0;
#else
  breaks_on_purpose
#endif
}

Performing C++ SOURCE FILE Test OpenMP_FLAG_DETECTED failed with the following output:
Change Dir: /Users/joshwolper/Desktop/quik-deform/quik-deform/cmake-build-debug/CMakeFiles/CMakeTmp

Run Build Command:"/opt/local/bin/gmake" "cmTC_1d64a/fast"
/opt/local/bin/gmake -f CMakeFiles/cmTC_1d64a.dir/build.make CMakeFiles/cmTC_1d64a.dir/build
gmake[1]: Entering directory '/Users/joshwolper/Desktop/quik-deform/quik-deform/cmake-build-debug/CMakeFiles/CMakeTmp'
Building CXX object CMakeFiles/cmTC_1d64a.dir/src.cxx.o
/Applications/Xcode.app/Contents/Developer/Toolchains/XcodeDefault.xctoolchain/usr/bin/c++    -O3  -DOpenMP_FLAG_DETECTED -fopenmp=libomp   -std=gnu++11 -o CMakeFiles/cmTC_1d64a.dir/src.cxx.o -c /Users/joshwolper/Desktop/quik-deform/quik-deform/cmake-build-debug/CMakeFiles/CMakeTmp/src.cxx
clang: error: unsupported argument 'libomp' to option 'fopenmp='
CMakeFiles/cmTC_1d64a.dir/build.make:65: recipe for target 'CMakeFiles/cmTC_1d64a.dir/src.cxx.o' failed
gmake[1]: *** [CMakeFiles/cmTC_1d64a.dir/src.cxx.o] Error 1
gmake[1]: Leaving directory '/Users/joshwolper/Desktop/quik-deform/quik-deform/cmake-build-debug/CMakeFiles/CMakeTmp'
Makefile:126: recipe for target 'cmTC_1d64a/fast' failed
gmake: *** [cmTC_1d64a/fast] Error 2

Source file was:

#include <omp.h>
int main() {
#ifdef _OPENMP
  return 0;
#else
  breaks_on_purpose
#endif
}

Performing C++ SOURCE FILE Test OpenMP_FLAG_DETECTED failed with the following output:
Change Dir: /Users/joshwolper/Desktop/quik-deform/quik-deform/cmake-build-debug/CMakeFiles/CMakeTmp

Run Build Command:"/opt/local/bin/gmake" "cmTC_2121b/fast"
/opt/local/bin/gmake -f CMakeFiles/cmTC_2121b.dir/build.make CMakeFiles/cmTC_2121b.dir/build
gmake[1]: Entering directory '/Users/joshwolper/Desktop/quik-deform/quik-deform/cmake-build-debug/CMakeFiles/CMakeTmp'
Building CXX object CMakeFiles/cmTC_2121b.dir/src.cxx.o
/Applications/Xcode.app/Contents/Developer/Toolchains/XcodeDefault.xctoolchain/usr/bin/c++    -O3  -DOpenMP_FLAG_DETECTED /openmp   -std=gnu++11 -o CMakeFiles/cmTC_2121b.dir/src.cxx.o -c /Users/joshwolper/Desktop/quik-deform/quik-deform/cmake-build-debug/CMakeFiles/CMakeTmp/src.cxx
clang: error: no such file or directory: '/openmp'
CMakeFiles/cmTC_2121b.dir/build.make:65: recipe for target 'CMakeFiles/cmTC_2121b.dir/src.cxx.o' failed
gmake[1]: *** [CMakeFiles/cmTC_2121b.dir/src.cxx.o] Error 1
gmake[1]: Leaving directory '/Users/joshwolper/Desktop/quik-deform/quik-deform/cmake-build-debug/CMakeFiles/CMakeTmp'
Makefile:126: recipe for target 'cmTC_2121b/fast' failed
gmake: *** [cmTC_2121b/fast] Error 2

Source file was:

#include <omp.h>
int main() {
#ifdef _OPENMP
  return 0;
#else
  breaks_on_purpose
#endif
}

Performing C++ SOURCE FILE Test OpenMP_FLAG_DETECTED failed with the following output:
Change Dir: /Users/joshwolper/Desktop/quik-deform/quik-deform/cmake-build-debug/CMakeFiles/CMakeTmp

Run Build Command:"/opt/local/bin/gmake" "cmTC_1985b/fast"
/opt/local/bin/gmake -f CMakeFiles/cmTC_1985b.dir/build.make CMakeFiles/cmTC_1985b.dir/build
gmake[1]: Entering directory '/Users/joshwolper/Desktop/quik-deform/quik-deform/cmake-build-debug/CMakeFiles/CMakeTmp'
Building CXX object CMakeFiles/cmTC_1985b.dir/src.cxx.o
/Applications/Xcode.app/Contents/Developer/Toolchains/XcodeDefault.xctoolchain/usr/bin/c++    -O3  -DOpenMP_FLAG_DETECTED -Qopenmp   -std=gnu++11 -o CMakeFiles/cmTC_1985b.dir/src.cxx.o -c /Users/joshwolper/Desktop/quik-deform/quik-deform/cmake-build-debug/CMakeFiles/CMakeTmp/src.cxx
clang: error: unknown argument: '-Qopenmp'
CMakeFiles/cmTC_1985b.dir/build.make:65: recipe for target 'CMakeFiles/cmTC_1985b.dir/src.cxx.o' failed
gmake[1]: *** [CMakeFiles/cmTC_1985b.dir/src.cxx.o] Error 1
gmake[1]: Leaving directory '/Users/joshwolper/Desktop/quik-deform/quik-deform/cmake-build-debug/CMakeFiles/CMakeTmp'
Makefile:126: recipe for target 'cmTC_1985b/fast' failed
gmake: *** [cmTC_1985b/fast] Error 2

Source file was:

#include <omp.h>
int main() {
#ifdef _OPENMP
  return 0;
#else
  breaks_on_purpose
#endif
}

Performing C++ SOURCE FILE Test OpenMP_FLAG_DETECTED failed with the following output:
Change Dir: /Users/joshwolper/Desktop/quik-deform/quik-deform/cmake-build-debug/CMakeFiles/CMakeTmp

Run Build Command:"/opt/local/bin/gmake" "cmTC_f9a40/fast"
/opt/local/bin/gmake -f CMakeFiles/cmTC_f9a40.dir/build.make CMakeFiles/cmTC_f9a40.dir/build
gmake[1]: Entering directory '/Users/joshwolper/Desktop/quik-deform/quik-deform/cmake-build-debug/CMakeFiles/CMakeTmp'
Building CXX object CMakeFiles/cmTC_f9a40.dir/src.cxx.o
/Applications/Xcode.app/Contents/Developer/Toolchains/XcodeDefault.xctoolchain/usr/bin/c++    -O3  -DOpenMP_FLAG_DETECTED -openmp   -std=gnu++11 -o CMakeFiles/cmTC_f9a40.dir/src.cxx.o -c /Users/joshwolper/Desktop/quik-deform/quik-deform/cmake-build-debug/CMakeFiles/CMakeTmp/src.cxx
/Users/joshwolper/Desktop/quik-deform/quik-deform/cmake-build-debug/CMakeFiles/CMakeTmp/src.cxx:2:10: fatal error: 'omp.h' file not found
#include <omp.h>
         ^
1 error generated.
CMakeFiles/cmTC_f9a40.dir/build.make:65: recipe for target 'CMakeFiles/cmTC_f9a40.dir/src.cxx.o' failed
gmake[1]: *** [CMakeFiles/cmTC_f9a40.dir/src.cxx.o] Error 1
gmake[1]: Leaving directory '/Users/joshwolper/Desktop/quik-deform/quik-deform/cmake-build-debug/CMakeFiles/CMakeTmp'
Makefile:126: recipe for target 'cmTC_f9a40/fast' failed
gmake: *** [cmTC_f9a40/fast] Error 2

Source file was:

#include <omp.h>
int main() {
#ifdef _OPENMP
  return 0;
#else
  breaks_on_purpose
#endif
}

Performing C++ SOURCE FILE Test OpenMP_FLAG_DETECTED failed with the following output:
Change Dir: /Users/joshwolper/Desktop/quik-deform/quik-deform/cmake-build-debug/CMakeFiles/CMakeTmp

Run Build Command:"/opt/local/bin/gmake" "cmTC_6218a/fast"
/opt/local/bin/gmake -f CMakeFiles/cmTC_6218a.dir/build.make CMakeFiles/cmTC_6218a.dir/build
gmake[1]: Entering directory '/Users/joshwolper/Desktop/quik-deform/quik-deform/cmake-build-debug/CMakeFiles/CMakeTmp'
Building CXX object CMakeFiles/cmTC_6218a.dir/src.cxx.o
/Applications/Xcode.app/Contents/Developer/Toolchains/XcodeDefault.xctoolchain/usr/bin/c++    -O3  -DOpenMP_FLAG_DETECTED -xopenmp   -std=gnu++11 -o CMakeFiles/cmTC_6218a.dir/src.cxx.o -c /Users/joshwolper/Desktop/quik-deform/quik-deform/cmake-build-debug/CMakeFiles/CMakeTmp/src.cxx
clang: error: language not recognized: 'openmp'
clang: warning: /Users/joshwolper/Desktop/quik-deform/quik-deform/cmake-build-debug/CMakeFiles/CMakeTmp/src.cxx: 'linker' input unused
CMakeFiles/cmTC_6218a.dir/build.make:65: recipe for target 'CMakeFiles/cmTC_6218a.dir/src.cxx.o' failed
gmake[1]: *** [CMakeFiles/cmTC_6218a.dir/src.cxx.o] Error 1
gmake[1]: Leaving directory '/Users/joshwolper/Desktop/quik-deform/quik-deform/cmake-build-debug/CMakeFiles/CMakeTmp'
Makefile:126: recipe for target 'cmTC_6218a/fast' failed
gmake: *** [cmTC_6218a/fast] Error 2

Source file was:

#include <omp.h>
int main() {
#ifdef _OPENMP
  return 0;
#else
  breaks_on_purpose
#endif
}

Performing C++ SOURCE FILE Test OpenMP_FLAG_DETECTED failed with the following output:
Change Dir: /Users/joshwolper/Desktop/quik-deform/quik-deform/cmake-build-debug/CMakeFiles/CMakeTmp

Run Build Command:"/opt/local/bin/gmake" "cmTC_6cf53/fast"
/opt/local/bin/gmake -f CMakeFiles/cmTC_6cf53.dir/build.make CMakeFiles/cmTC_6cf53.dir/build
gmake[1]: Entering directory '/Users/joshwolper/Desktop/quik-deform/quik-deform/cmake-build-debug/CMakeFiles/CMakeTmp'
Building CXX object CMakeFiles/cmTC_6cf53.dir/src.cxx.o
/Applications/Xcode.app/Contents/Developer/Toolchains/XcodeDefault.xctoolchain/usr/bin/c++    -O3  -DOpenMP_FLAG_DETECTED +Oopenmp   -std=gnu++11 -o CMakeFiles/cmTC_6cf53.dir/src.cxx.o -c /Users/joshwolper/Desktop/quik-deform/quik-deform/cmake-build-debug/CMakeFiles/CMakeTmp/src.cxx
clang: error: no such file or directory: '+Oopenmp'
CMakeFiles/cmTC_6cf53.dir/build.make:65: recipe for target 'CMakeFiles/cmTC_6cf53.dir/src.cxx.o' failed
gmake[1]: *** [CMakeFiles/cmTC_6cf53.dir/src.cxx.o] Error 1
gmake[1]: Leaving directory '/Users/joshwolper/Desktop/quik-deform/quik-deform/cmake-build-debug/CMakeFiles/CMakeTmp'
Makefile:126: recipe for target 'cmTC_6cf53/fast' failed
gmake: *** [cmTC_6cf53/fast] Error 2

Source file was:

#include <omp.h>
int main() {
#ifdef _OPENMP
  return 0;
#else
  breaks_on_purpose
#endif
}

Performing C++ SOURCE FILE Test OpenMP_FLAG_DETECTED failed with the following output:
Change Dir: /Users/joshwolper/Desktop/quik-deform/quik-deform/cmake-build-debug/CMakeFiles/CMakeTmp

Run Build Command:"/opt/local/bin/gmake" "cmTC_066ac/fast"
/opt/local/bin/gmake -f CMakeFiles/cmTC_066ac.dir/build.make CMakeFiles/cmTC_066ac.dir/build
gmake[1]: Entering directory '/Users/joshwolper/Desktop/quik-deform/quik-deform/cmake-build-debug/CMakeFiles/CMakeTmp'
Building CXX object CMakeFiles/cmTC_066ac.dir/src.cxx.o
/Applications/Xcode.app/Contents/Developer/Toolchains/XcodeDefault.xctoolchain/usr/bin/c++    -O3  -DOpenMP_FLAG_DETECTED -qsmp   -std=gnu++11 -o CMakeFiles/cmTC_066ac.dir/src.cxx.o -c /Users/joshwolper/Desktop/quik-deform/quik-deform/cmake-build-debug/CMakeFiles/CMakeTmp/src.cxx
clang: error: unknown argument: '-qsmp'
CMakeFiles/cmTC_066ac.dir/build.make:65: recipe for target 'CMakeFiles/cmTC_066ac.dir/src.cxx.o' failed
gmake[1]: *** [CMakeFiles/cmTC_066ac.dir/src.cxx.o] Error 1
gmake[1]: Leaving directory '/Users/joshwolper/Desktop/quik-deform/quik-deform/cmake-build-debug/CMakeFiles/CMakeTmp'
Makefile:126: recipe for target 'cmTC_066ac/fast' failed
gmake: *** [cmTC_066ac/fast] Error 2

Source file was:

#include <omp.h>
int main() {
#ifdef _OPENMP
  return 0;
#else
  breaks_on_purpose
#endif
}

Performing C++ SOURCE FILE Test OpenMP_FLAG_DETECTED failed with the following output:
Change Dir: /Users/joshwolper/Desktop/quik-deform/quik-deform/cmake-build-debug/CMakeFiles/CMakeTmp

Run Build Command:"/opt/local/bin/gmake" "cmTC_9379e/fast"
/opt/local/bin/gmake -f CMakeFiles/cmTC_9379e.dir/build.make CMakeFiles/cmTC_9379e.dir/build
gmake[1]: Entering directory '/Users/joshwolper/Desktop/quik-deform/quik-deform/cmake-build-debug/CMakeFiles/CMakeTmp'
Building CXX object CMakeFiles/cmTC_9379e.dir/src.cxx.o
/Applications/Xcode.app/Contents/Developer/Toolchains/XcodeDefault.xctoolchain/usr/bin/c++    -O3  -DOpenMP_FLAG_DETECTED -mp   -std=gnu++11 -o CMakeFiles/cmTC_9379e.dir/src.cxx.o -c /Users/joshwolper/Desktop/quik-deform/quik-deform/cmake-build-debug/CMakeFiles/CMakeTmp/src.cxx
clang: error: unknown argument: '-mp'
CMakeFiles/cmTC_9379e.dir/build.make:65: recipe for target 'CMakeFiles/cmTC_9379e.dir/src.cxx.o' failed
gmake[1]: *** [CMakeFiles/cmTC_9379e.dir/src.cxx.o] Error 1
gmake[1]: Leaving directory '/Users/joshwolper/Desktop/quik-deform/quik-deform/cmake-build-debug/CMakeFiles/CMakeTmp'
Makefile:126: recipe for target 'cmTC_9379e/fast' failed
gmake: *** [cmTC_9379e/fast] Error 2

Source file was:

#include <omp.h>
int main() {
#ifdef _OPENMP
  return 0;
#else
  breaks_on_purpose
#endif
}

Performing C SOURCE FILE Test OpenMP_FLAG_DETECTED failed with the following output:
Change Dir: /Users/joshwolper/Desktop/quik-deform/quik-deform/cmake-build-debug/CMakeFiles/CMakeTmp

Run Build Command:"/opt/local/bin/gmake" "cmTC_3039c/fast"
/opt/local/bin/gmake -f CMakeFiles/cmTC_3039c.dir/build.make CMakeFiles/cmTC_3039c.dir/build
gmake[1]: Entering directory '/Users/joshwolper/Desktop/quik-deform/quik-deform/cmake-build-debug/CMakeFiles/CMakeTmp'
Building C object CMakeFiles/cmTC_3039c.dir/src.c.o
/Applications/Xcode.app/Contents/Developer/Toolchains/XcodeDefault.xctoolchain/usr/bin/cc   -DOpenMP_FLAG_DETECTED   -o CMakeFiles/cmTC_3039c.dir/src.c.o   -c /Users/joshwolper/Desktop/quik-deform/quik-deform/cmake-build-debug/CMakeFiles/CMakeTmp/src.c
/Users/joshwolper/Desktop/quik-deform/quik-deform/cmake-build-debug/CMakeFiles/CMakeTmp/src.c:2:10: fatal error: 'omp.h' file not found
#include <omp.h>
         ^
1 error generated.
CMakeFiles/cmTC_3039c.dir/build.make:65: recipe for target 'CMakeFiles/cmTC_3039c.dir/src.c.o' failed
gmake[1]: *** [CMakeFiles/cmTC_3039c.dir/src.c.o] Error 1
gmake[1]: Leaving directory '/Users/joshwolper/Desktop/quik-deform/quik-deform/cmake-build-debug/CMakeFiles/CMakeTmp'
Makefile:126: recipe for target 'cmTC_3039c/fast' failed
gmake: *** [cmTC_3039c/fast] Error 2

Source file was:

#include <omp.h>
int main() {
#ifdef _OPENMP
  return 0;
#else
  breaks_on_purpose
#endif
}

Performing C SOURCE FILE Test OpenMP_FLAG_DETECTED failed with the following output:
Change Dir: /Users/joshwolper/Desktop/quik-deform/quik-deform/cmake-build-debug/CMakeFiles/CMakeTmp

Run Build Command:"/opt/local/bin/gmake" "cmTC_cec3a/fast"
/opt/local/bin/gmake -f CMakeFiles/cmTC_cec3a.dir/build.make CMakeFiles/cmTC_cec3a.dir/build
gmake[1]: Entering directory '/Users/joshwolper/Desktop/quik-deform/quik-deform/cmake-build-debug/CMakeFiles/CMakeTmp'
Building C object CMakeFiles/cmTC_cec3a.dir/src.c.o
/Applications/Xcode.app/Contents/Developer/Toolchains/XcodeDefault.xctoolchain/usr/bin/cc   -DOpenMP_FLAG_DETECTED -fopenmp   -o CMakeFiles/cmTC_cec3a.dir/src.c.o   -c /Users/joshwolper/Desktop/quik-deform/quik-deform/cmake-build-debug/CMakeFiles/CMakeTmp/src.c
clang: error: unsupported option '-fopenmp'
CMakeFiles/cmTC_cec3a.dir/build.make:65: recipe for target 'CMakeFiles/cmTC_cec3a.dir/src.c.o' failed
gmake[1]: *** [CMakeFiles/cmTC_cec3a.dir/src.c.o] Error 1
gmake[1]: Leaving directory '/Users/joshwolper/Desktop/quik-deform/quik-deform/cmake-build-debug/CMakeFiles/CMakeTmp'
Makefile:126: recipe for target 'cmTC_cec3a/fast' failed
gmake: *** [cmTC_cec3a/fast] Error 2

Source file was:

#include <omp.h>
int main() {
#ifdef _OPENMP
  return 0;
#else
  breaks_on_purpose
#endif
}

Performing C SOURCE FILE Test OpenMP_FLAG_DETECTED failed with the following output:
Change Dir: /Users/joshwolper/Desktop/quik-deform/quik-deform/cmake-build-debug/CMakeFiles/CMakeTmp

Run Build Command:"/opt/local/bin/gmake" "cmTC_6818b/fast"
/opt/local/bin/gmake -f CMakeFiles/cmTC_6818b.dir/build.make CMakeFiles/cmTC_6818b.dir/build
gmake[1]: Entering directory '/Users/joshwolper/Desktop/quik-deform/quik-deform/cmake-build-debug/CMakeFiles/CMakeTmp'
Building C object CMakeFiles/cmTC_6818b.dir/src.c.o
/Applications/Xcode.app/Contents/Developer/Toolchains/XcodeDefault.xctoolchain/usr/bin/cc   -DOpenMP_FLAG_DETECTED -fopenmp=libomp   -o CMakeFiles/cmTC_6818b.dir/src.c.o   -c /Users/joshwolper/Desktop/quik-deform/quik-deform/cmake-build-debug/CMakeFiles/CMakeTmp/src.c
clang: error: unsupported argument 'libomp' to option 'fopenmp='
CMakeFiles/cmTC_6818b.dir/build.make:65: recipe for target 'CMakeFiles/cmTC_6818b.dir/src.c.o' failed
gmake[1]: *** [CMakeFiles/cmTC_6818b.dir/src.c.o] Error 1
gmake[1]: Leaving directory '/Users/joshwolper/Desktop/quik-deform/quik-deform/cmake-build-debug/CMakeFiles/CMakeTmp'
Makefile:126: recipe for target 'cmTC_6818b/fast' failed
gmake: *** [cmTC_6818b/fast] Error 2

Source file was:

#include <omp.h>
int main() {
#ifdef _OPENMP
  return 0;
#else
  breaks_on_purpose
#endif
}

Performing C SOURCE FILE Test OpenMP_FLAG_DETECTED failed with the following output:
Change Dir: /Users/joshwolper/Desktop/quik-deform/quik-deform/cmake-build-debug/CMakeFiles/CMakeTmp

Run Build Command:"/opt/local/bin/gmake" "cmTC_62ae6/fast"
/opt/local/bin/gmake -f CMakeFiles/cmTC_62ae6.dir/build.make CMakeFiles/cmTC_62ae6.dir/build
gmake[1]: Entering directory '/Users/joshwolper/Desktop/quik-deform/quik-deform/cmake-build-debug/CMakeFiles/CMakeTmp'
Building C object CMakeFiles/cmTC_62ae6.dir/src.c.o
/Applications/Xcode.app/Contents/Developer/Toolchains/XcodeDefault.xctoolchain/usr/bin/cc   -DOpenMP_FLAG_DETECTED /openmp   -o CMakeFiles/cmTC_62ae6.dir/src.c.o   -c /Users/joshwolper/Desktop/quik-deform/quik-deform/cmake-build-debug/CMakeFiles/CMakeTmp/src.c
clang: error: no such file or directory: '/openmp'
CMakeFiles/cmTC_62ae6.dir/build.make:65: recipe for target 'CMakeFiles/cmTC_62ae6.dir/src.c.o' failed
gmake[1]: *** [CMakeFiles/cmTC_62ae6.dir/src.c.o] Error 1
gmake[1]: Leaving directory '/Users/joshwolper/Desktop/quik-deform/quik-deform/cmake-build-debug/CMakeFiles/CMakeTmp'
Makefile:126: recipe for target 'cmTC_62ae6/fast' failed
gmake: *** [cmTC_62ae6/fast] Error 2

Source file was:

#include <omp.h>
int main() {
#ifdef _OPENMP
  return 0;
#else
  breaks_on_purpose
#endif
}

Performing C SOURCE FILE Test OpenMP_FLAG_DETECTED failed with the following output:
Change Dir: /Users/joshwolper/Desktop/quik-deform/quik-deform/cmake-build-debug/CMakeFiles/CMakeTmp

Run Build Command:"/opt/local/bin/gmake" "cmTC_cdfda/fast"
/opt/local/bin/gmake -f CMakeFiles/cmTC_cdfda.dir/build.make CMakeFiles/cmTC_cdfda.dir/build
gmake[1]: Entering directory '/Users/joshwolper/Desktop/quik-deform/quik-deform/cmake-build-debug/CMakeFiles/CMakeTmp'
Building C object CMakeFiles/cmTC_cdfda.dir/src.c.o
/Applications/Xcode.app/Contents/Developer/Toolchains/XcodeDefault.xctoolchain/usr/bin/cc   -DOpenMP_FLAG_DETECTED -Qopenmp   -o CMakeFiles/cmTC_cdfda.dir/src.c.o   -c /Users/joshwolper/Desktop/quik-deform/quik-deform/cmake-build-debug/CMakeFiles/CMakeTmp/src.c
clang: error: unknown argument: '-Qopenmp'
CMakeFiles/cmTC_cdfda.dir/build.make:65: recipe for target 'CMakeFiles/cmTC_cdfda.dir/src.c.o' failed
gmake[1]: *** [CMakeFiles/cmTC_cdfda.dir/src.c.o] Error 1
gmake[1]: Leaving directory '/Users/joshwolper/Desktop/quik-deform/quik-deform/cmake-build-debug/CMakeFiles/CMakeTmp'
Makefile:126: recipe for target 'cmTC_cdfda/fast' failed
gmake: *** [cmTC_cdfda/fast] Error 2

Source file was:

#include <omp.h>
int main() {
#ifdef _OPENMP
  return 0;
#else
  breaks_on_purpose
#endif
}

Performing C SOURCE FILE Test OpenMP_FLAG_DETECTED failed with the following output:
Change Dir: /Users/joshwolper/Desktop/quik-deform/quik-deform/cmake-build-debug/CMakeFiles/CMakeTmp

Run Build Command:"/opt/local/bin/gmake" "cmTC_ab986/fast"
/opt/local/bin/gmake -f CMakeFiles/cmTC_ab986.dir/build.make CMakeFiles/cmTC_ab986.dir/build
gmake[1]: Entering directory '/Users/joshwolper/Desktop/quik-deform/quik-deform/cmake-build-debug/CMakeFiles/CMakeTmp'
Building C object CMakeFiles/cmTC_ab986.dir/src.c.o
/Applications/Xcode.app/Contents/Developer/Toolchains/XcodeDefault.xctoolchain/usr/bin/cc   -DOpenMP_FLAG_DETECTED -openmp   -o CMakeFiles/cmTC_ab986.dir/src.c.o   -c /Users/joshwolper/Desktop/quik-deform/quik-deform/cmake-build-debug/CMakeFiles/CMakeTmp/src.c
/Users/joshwolper/Desktop/quik-deform/quik-deform/cmake-build-debug/CMakeFiles/CMakeTmp/src.c:2:10: fatal error: 'omp.h' file not found
#include <omp.h>
         ^
1 error generated.
CMakeFiles/cmTC_ab986.dir/build.make:65: recipe for target 'CMakeFiles/cmTC_ab986.dir/src.c.o' failed
gmake[1]: *** [CMakeFiles/cmTC_ab986.dir/src.c.o] Error 1
gmake[1]: Leaving directory '/Users/joshwolper/Desktop/quik-deform/quik-deform/cmake-build-debug/CMakeFiles/CMakeTmp'
Makefile:126: recipe for target 'cmTC_ab986/fast' failed
gmake: *** [cmTC_ab986/fast] Error 2

Source file was:

#include <omp.h>
int main() {
#ifdef _OPENMP
  return 0;
#else
  breaks_on_purpose
#endif
}

Performing C SOURCE FILE Test OpenMP_FLAG_DETECTED failed with the following output:
Change Dir: /Users/joshwolper/Desktop/quik-deform/quik-deform/cmake-build-debug/CMakeFiles/CMakeTmp

Run Build Command:"/opt/local/bin/gmake" "cmTC_5e95b/fast"
/opt/local/bin/gmake -f CMakeFiles/cmTC_5e95b.dir/build.make CMakeFiles/cmTC_5e95b.dir/build
gmake[1]: Entering directory '/Users/joshwolper/Desktop/quik-deform/quik-deform/cmake-build-debug/CMakeFiles/CMakeTmp'
Building C object CMakeFiles/cmTC_5e95b.dir/src.c.o
/Applications/Xcode.app/Contents/Developer/Toolchains/XcodeDefault.xctoolchain/usr/bin/cc   -DOpenMP_FLAG_DETECTED -xopenmp   -o CMakeFiles/cmTC_5e95b.dir/src.c.o   -c /Users/joshwolper/Desktop/quik-deform/quik-deform/cmake-build-debug/CMakeFiles/CMakeTmp/src.c
clang: error: language not recognized: 'openmp'
clang: warning: /Users/joshwolper/Desktop/quik-deform/quik-deform/cmake-build-debug/CMakeFiles/CMakeTmp/src.c: 'linker' input unused
CMakeFiles/cmTC_5e95b.dir/build.make:65: recipe for target 'CMakeFiles/cmTC_5e95b.dir/src.c.o' failed
gmake[1]: *** [CMakeFiles/cmTC_5e95b.dir/src.c.o] Error 1
gmake[1]: Leaving directory '/Users/joshwolper/Desktop/quik-deform/quik-deform/cmake-build-debug/CMakeFiles/CMakeTmp'
Makefile:126: recipe for target 'cmTC_5e95b/fast' failed
gmake: *** [cmTC_5e95b/fast] Error 2

Source file was:

#include <omp.h>
int main() {
#ifdef _OPENMP
  return 0;
#else
  breaks_on_purpose
#endif
}

Performing C SOURCE FILE Test OpenMP_FLAG_DETECTED failed with the following output:
Change Dir: /Users/joshwolper/Desktop/quik-deform/quik-deform/cmake-build-debug/CMakeFiles/CMakeTmp

Run Build Command:"/opt/local/bin/gmake" "cmTC_ba4af/fast"
/opt/local/bin/gmake -f CMakeFiles/cmTC_ba4af.dir/build.make CMakeFiles/cmTC_ba4af.dir/build
gmake[1]: Entering directory '/Users/joshwolper/Desktop/quik-deform/quik-deform/cmake-build-debug/CMakeFiles/CMakeTmp'
Building C object CMakeFiles/cmTC_ba4af.dir/src.c.o
/Applications/Xcode.app/Contents/Developer/Toolchains/XcodeDefault.xctoolchain/usr/bin/cc   -DOpenMP_FLAG_DETECTED +Oopenmp   -o CMakeFiles/cmTC_ba4af.dir/src.c.o   -c /Users/joshwolper/Desktop/quik-deform/quik-deform/cmake-build-debug/CMakeFiles/CMakeTmp/src.c
clang: error: no such file or directory: '+Oopenmp'
CMakeFiles/cmTC_ba4af.dir/build.make:65: recipe for target 'CMakeFiles/cmTC_ba4af.dir/src.c.o' failed
gmake[1]: *** [CMakeFiles/cmTC_ba4af.dir/src.c.o] Error 1
gmake[1]: Leaving directory '/Users/joshwolper/Desktop/quik-deform/quik-deform/cmake-build-debug/CMakeFiles/CMakeTmp'
Makefile:126: recipe for target 'cmTC_ba4af/fast' failed
gmake: *** [cmTC_ba4af/fast] Error 2

Source file was:

#include <omp.h>
int main() {
#ifdef _OPENMP
  return 0;
#else
  breaks_on_purpose
#endif
}

Performing C SOURCE FILE Test OpenMP_FLAG_DETECTED failed with the following output:
Change Dir: /Users/joshwolper/Desktop/quik-deform/quik-deform/cmake-build-debug/CMakeFiles/CMakeTmp

Run Build Command:"/opt/local/bin/gmake" "cmTC_73e66/fast"
/opt/local/bin/gmake -f CMakeFiles/cmTC_73e66.dir/build.make CMakeFiles/cmTC_73e66.dir/build
gmake[1]: Entering directory '/Users/joshwolper/Desktop/quik-deform/quik-deform/cmake-build-debug/CMakeFiles/CMakeTmp'
Building C object CMakeFiles/cmTC_73e66.dir/src.c.o
/Applications/Xcode.app/Contents/Developer/Toolchains/XcodeDefault.xctoolchain/usr/bin/cc   -DOpenMP_FLAG_DETECTED -qsmp   -o CMakeFiles/cmTC_73e66.dir/src.c.o   -c /Users/joshwolper/Desktop/quik-deform/quik-deform/cmake-build-debug/CMakeFiles/CMakeTmp/src.c
clang: error: unknown argument: '-qsmp'
CMakeFiles/cmTC_73e66.dir/build.make:65: recipe for target 'CMakeFiles/cmTC_73e66.dir/src.c.o' failed
gmake[1]: *** [CMakeFiles/cmTC_73e66.dir/src.c.o] Error 1
gmake[1]: Leaving directory '/Users/joshwolper/Desktop/quik-deform/quik-deform/cmake-build-debug/CMakeFiles/CMakeTmp'
Makefile:126: recipe for target 'cmTC_73e66/fast' failed
gmake: *** [cmTC_73e66/fast] Error 2

Source file was:

#include <omp.h>
int main() {
#ifdef _OPENMP
  return 0;
#else
  breaks_on_purpose
#endif
}

Performing C SOURCE FILE Test OpenMP_FLAG_DETECTED failed with the following output:
Change Dir: /Users/joshwolper/Desktop/quik-deform/quik-deform/cmake-build-debug/CMakeFiles/CMakeTmp

Run Build Command:"/opt/local/bin/gmake" "cmTC_c1dab/fast"
/opt/local/bin/gmake -f CMakeFiles/cmTC_c1dab.dir/build.make CMakeFiles/cmTC_c1dab.dir/build
gmake[1]: Entering directory '/Users/joshwolper/Desktop/quik-deform/quik-deform/cmake-build-debug/CMakeFiles/CMakeTmp'
Building C object CMakeFiles/cmTC_c1dab.dir/src.c.o
/Applications/Xcode.app/Contents/Developer/Toolchains/XcodeDefault.xctoolchain/usr/bin/cc   -DOpenMP_FLAG_DETECTED -mp   -o CMakeFiles/cmTC_c1dab.dir/src.c.o   -c /Users/joshwolper/Desktop/quik-deform/quik-deform/cmake-build-debug/CMakeFiles/CMakeTmp/src.c
clang: error: unknown argument: '-mp'
CMakeFiles/cmTC_c1dab.dir/build.make:65: recipe for target 'CMakeFiles/cmTC_c1dab.dir/src.c.o' failed
gmake[1]: *** [CMakeFiles/cmTC_c1dab.dir/src.c.o] Error 1
gmake[1]: Leaving directory '/Users/joshwolper/Desktop/quik-deform/quik-deform/cmake-build-debug/CMakeFiles/CMakeTmp'
Makefile:126: recipe for target 'cmTC_c1dab/fast' failed
gmake: *** [cmTC_c1dab/fast] Error 2

Source file was:

#include <omp.h>
int main() {
#ifdef _OPENMP
  return 0;
#else
  breaks_on_purpose
#endif
}

Performing C++ SOURCE FILE Test OpenMP_FLAG_DETECTED failed with the following output:
Change Dir: /Users/joshwolper/Desktop/quik-deform/quik-deform/cmake-build-debug/CMakeFiles/CMakeTmp

Run Build Command:"/opt/local/bin/gmake" "cmTC_d241f/fast"
/opt/local/bin/gmake -f CMakeFiles/cmTC_d241f.dir/build.make CMakeFiles/cmTC_d241f.dir/build
gmake[1]: Entering directory '/Users/joshwolper/Desktop/quik-deform/quik-deform/cmake-build-debug/CMakeFiles/CMakeTmp'
Building CXX object CMakeFiles/cmTC_d241f.dir/src.cxx.o
/Applications/Xcode.app/Contents/Developer/Toolchains/XcodeDefault.xctoolchain/usr/bin/c++    -O3  -DOpenMP_FLAG_DETECTED   -std=gnu++11 -o CMakeFiles/cmTC_d241f.dir/src.cxx.o -c /Users/joshwolper/Desktop/quik-deform/quik-deform/cmake-build-debug/CMakeFiles/CMakeTmp/src.cxx
/Users/joshwolper/Desktop/quik-deform/quik-deform/cmake-build-debug/CMakeFiles/CMakeTmp/src.cxx:2:10: fatal error: 'omp.h' file not found
#include <omp.h>
         ^
1 error generated.
CMakeFiles/cmTC_d241f.dir/build.make:65: recipe for target 'CMakeFiles/cmTC_d241f.dir/src.cxx.o' failed
gmake[1]: *** [CMakeFiles/cmTC_d241f.dir/src.cxx.o] Error 1
gmake[1]: Leaving directory '/Users/joshwolper/Desktop/quik-deform/quik-deform/cmake-build-debug/CMakeFiles/CMakeTmp'
Makefile:126: recipe for target 'cmTC_d241f/fast' failed
gmake: *** [cmTC_d241f/fast] Error 2

Source file was:

#include <omp.h>
int main() {
#ifdef _OPENMP
  return 0;
#else
  breaks_on_purpose
#endif
}

Performing C++ SOURCE FILE Test OpenMP_FLAG_DETECTED failed with the following output:
Change Dir: /Users/joshwolper/Desktop/quik-deform/quik-deform/cmake-build-debug/CMakeFiles/CMakeTmp

Run Build Command:"/opt/local/bin/gmake" "cmTC_0e450/fast"
/opt/local/bin/gmake -f CMakeFiles/cmTC_0e450.dir/build.make CMakeFiles/cmTC_0e450.dir/build
gmake[1]: Entering directory '/Users/joshwolper/Desktop/quik-deform/quik-deform/cmake-build-debug/CMakeFiles/CMakeTmp'
Building CXX object CMakeFiles/cmTC_0e450.dir/src.cxx.o
/Applications/Xcode.app/Contents/Developer/Toolchains/XcodeDefault.xctoolchain/usr/bin/c++    -O3  -DOpenMP_FLAG_DETECTED -fopenmp   -std=gnu++11 -o CMakeFiles/cmTC_0e450.dir/src.cxx.o -c /Users/joshwolper/Desktop/quik-deform/quik-deform/cmake-build-debug/CMakeFiles/CMakeTmp/src.cxx
clang: error: unsupported option '-fopenmp'
CMakeFiles/cmTC_0e450.dir/build.make:65: recipe for target 'CMakeFiles/cmTC_0e450.dir/src.cxx.o' failed
gmake[1]: *** [CMakeFiles/cmTC_0e450.dir/src.cxx.o] Error 1
gmake[1]: Leaving directory '/Users/joshwolper/Desktop/quik-deform/quik-deform/cmake-build-debug/CMakeFiles/CMakeTmp'
Makefile:126: recipe for target 'cmTC_0e450/fast' failed
gmake: *** [cmTC_0e450/fast] Error 2

Source file was:

#include <omp.h>
int main() {
#ifdef _OPENMP
  return 0;
#else
  breaks_on_purpose
#endif
}

Performing C++ SOURCE FILE Test OpenMP_FLAG_DETECTED failed with the following output:
Change Dir: /Users/joshwolper/Desktop/quik-deform/quik-deform/cmake-build-debug/CMakeFiles/CMakeTmp

Run Build Command:"/opt/local/bin/gmake" "cmTC_e0e22/fast"
/opt/local/bin/gmake -f CMakeFiles/cmTC_e0e22.dir/build.make CMakeFiles/cmTC_e0e22.dir/build
gmake[1]: Entering directory '/Users/joshwolper/Desktop/quik-deform/quik-deform/cmake-build-debug/CMakeFiles/CMakeTmp'
Building CXX object CMakeFiles/cmTC_e0e22.dir/src.cxx.o
/Applications/Xcode.app/Contents/Developer/Toolchains/XcodeDefault.xctoolchain/usr/bin/c++    -O3  -DOpenMP_FLAG_DETECTED -fopenmp=libomp   -std=gnu++11 -o CMakeFiles/cmTC_e0e22.dir/src.cxx.o -c /Users/joshwolper/Desktop/quik-deform/quik-deform/cmake-build-debug/CMakeFiles/CMakeTmp/src.cxx
clang: error: unsupported argument 'libomp' to option 'fopenmp='
CMakeFiles/cmTC_e0e22.dir/build.make:65: recipe for target 'CMakeFiles/cmTC_e0e22.dir/src.cxx.o' failed
gmake[1]: *** [CMakeFiles/cmTC_e0e22.dir/src.cxx.o] Error 1
gmake[1]: Leaving directory '/Users/joshwolper/Desktop/quik-deform/quik-deform/cmake-build-debug/CMakeFiles/CMakeTmp'
Makefile:126: recipe for target 'cmTC_e0e22/fast' failed
gmake: *** [cmTC_e0e22/fast] Error 2

Source file was:

#include <omp.h>
int main() {
#ifdef _OPENMP
  return 0;
#else
  breaks_on_purpose
#endif
}

Performing C++ SOURCE FILE Test OpenMP_FLAG_DETECTED failed with the following output:
Change Dir: /Users/joshwolper/Desktop/quik-deform/quik-deform/cmake-build-debug/CMakeFiles/CMakeTmp

Run Build Command:"/opt/local/bin/gmake" "cmTC_0b604/fast"
/opt/local/bin/gmake -f CMakeFiles/cmTC_0b604.dir/build.make CMakeFiles/cmTC_0b604.dir/build
gmake[1]: Entering directory '/Users/joshwolper/Desktop/quik-deform/quik-deform/cmake-build-debug/CMakeFiles/CMakeTmp'
Building CXX object CMakeFiles/cmTC_0b604.dir/src.cxx.o
/Applications/Xcode.app/Contents/Developer/Toolchains/XcodeDefault.xctoolchain/usr/bin/c++    -O3  -DOpenMP_FLAG_DETECTED /openmp   -std=gnu++11 -o CMakeFiles/cmTC_0b604.dir/src.cxx.o -c /Users/joshwolper/Desktop/quik-deform/quik-deform/cmake-build-debug/CMakeFiles/CMakeTmp/src.cxx
clang: error: no such file or directory: '/openmp'
CMakeFiles/cmTC_0b604.dir/build.make:65: recipe for target 'CMakeFiles/cmTC_0b604.dir/src.cxx.o' failed
gmake[1]: *** [CMakeFiles/cmTC_0b604.dir/src.cxx.o] Error 1
gmake[1]: Leaving directory '/Users/joshwolper/Desktop/quik-deform/quik-deform/cmake-build-debug/CMakeFiles/CMakeTmp'
Makefile:126: recipe for target 'cmTC_0b604/fast' failed
gmake: *** [cmTC_0b604/fast] Error 2

Source file was:

#include <omp.h>
int main() {
#ifdef _OPENMP
  return 0;
#else
  breaks_on_purpose
#endif
}

Performing C++ SOURCE FILE Test OpenMP_FLAG_DETECTED failed with the following output:
Change Dir: /Users/joshwolper/Desktop/quik-deform/quik-deform/cmake-build-debug/CMakeFiles/CMakeTmp

Run Build Command:"/opt/local/bin/gmake" "cmTC_4b5ea/fast"
/opt/local/bin/gmake -f CMakeFiles/cmTC_4b5ea.dir/build.make CMakeFiles/cmTC_4b5ea.dir/build
gmake[1]: Entering directory '/Users/joshwolper/Desktop/quik-deform/quik-deform/cmake-build-debug/CMakeFiles/CMakeTmp'
Building CXX object CMakeFiles/cmTC_4b5ea.dir/src.cxx.o
/Applications/Xcode.app/Contents/Developer/Toolchains/XcodeDefault.xctoolchain/usr/bin/c++    -O3  -DOpenMP_FLAG_DETECTED -Qopenmp   -std=gnu++11 -o CMakeFiles/cmTC_4b5ea.dir/src.cxx.o -c /Users/joshwolper/Desktop/quik-deform/quik-deform/cmake-build-debug/CMakeFiles/CMakeTmp/src.cxx
clang: error: unknown argument: '-Qopenmp'
CMakeFiles/cmTC_4b5ea.dir/build.make:65: recipe for target 'CMakeFiles/cmTC_4b5ea.dir/src.cxx.o' failed
gmake[1]: *** [CMakeFiles/cmTC_4b5ea.dir/src.cxx.o] Error 1
gmake[1]: Leaving directory '/Users/joshwolper/Desktop/quik-deform/quik-deform/cmake-build-debug/CMakeFiles/CMakeTmp'
Makefile:126: recipe for target 'cmTC_4b5ea/fast' failed
gmake: *** [cmTC_4b5ea/fast] Error 2

Source file was:

#include <omp.h>
int main() {
#ifdef _OPENMP
  return 0;
#else
  breaks_on_purpose
#endif
}

Performing C++ SOURCE FILE Test OpenMP_FLAG_DETECTED failed with the following output:
Change Dir: /Users/joshwolper/Desktop/quik-deform/quik-deform/cmake-build-debug/CMakeFiles/CMakeTmp

Run Build Command:"/opt/local/bin/gmake" "cmTC_1ce74/fast"
/opt/local/bin/gmake -f CMakeFiles/cmTC_1ce74.dir/build.make CMakeFiles/cmTC_1ce74.dir/build
gmake[1]: Entering directory '/Users/joshwolper/Desktop/quik-deform/quik-deform/cmake-build-debug/CMakeFiles/CMakeTmp'
Building CXX object CMakeFiles/cmTC_1ce74.dir/src.cxx.o
/Applications/Xcode.app/Contents/Developer/Toolchains/XcodeDefault.xctoolchain/usr/bin/c++    -O3  -DOpenMP_FLAG_DETECTED -openmp   -std=gnu++11 -o CMakeFiles/cmTC_1ce74.dir/src.cxx.o -c /Users/joshwolper/Desktop/quik-deform/quik-deform/cmake-build-debug/CMakeFiles/CMakeTmp/src.cxx
/Users/joshwolper/Desktop/quik-deform/quik-deform/cmake-build-debug/CMakeFiles/CMakeTmp/src.cxx:2:10: fatal error: 'omp.h' file not found
#include <omp.h>
         ^
1 error generated.
CMakeFiles/cmTC_1ce74.dir/build.make:65: recipe for target 'CMakeFiles/cmTC_1ce74.dir/src.cxx.o' failed
gmake[1]: *** [CMakeFiles/cmTC_1ce74.dir/src.cxx.o] Error 1
gmake[1]: Leaving directory '/Users/joshwolper/Desktop/quik-deform/quik-deform/cmake-build-debug/CMakeFiles/CMakeTmp'
Makefile:126: recipe for target 'cmTC_1ce74/fast' failed
gmake: *** [cmTC_1ce74/fast] Error 2

Source file was:

#include <omp.h>
int main() {
#ifdef _OPENMP
  return 0;
#else
  breaks_on_purpose
#endif
}

Performing C++ SOURCE FILE Test OpenMP_FLAG_DETECTED failed with the following output:
Change Dir: /Users/joshwolper/Desktop/quik-deform/quik-deform/cmake-build-debug/CMakeFiles/CMakeTmp

Run Build Command:"/opt/local/bin/gmake" "cmTC_5a549/fast"
/opt/local/bin/gmake -f CMakeFiles/cmTC_5a549.dir/build.make CMakeFiles/cmTC_5a549.dir/build
gmake[1]: Entering directory '/Users/joshwolper/Desktop/quik-deform/quik-deform/cmake-build-debug/CMakeFiles/CMakeTmp'
Building CXX object CMakeFiles/cmTC_5a549.dir/src.cxx.o
/Applications/Xcode.app/Contents/Developer/Toolchains/XcodeDefault.xctoolchain/usr/bin/c++    -O3  -DOpenMP_FLAG_DETECTED -xopenmp   -std=gnu++11 -o CMakeFiles/cmTC_5a549.dir/src.cxx.o -c /Users/joshwolper/Desktop/quik-deform/quik-deform/cmake-build-debug/CMakeFiles/CMakeTmp/src.cxx
clang: error: language not recognized: 'openmp'
clang: warning: /Users/joshwolper/Desktop/quik-deform/quik-deform/cmake-build-debug/CMakeFiles/CMakeTmp/src.cxx: 'linker' input unused
CMakeFiles/cmTC_5a549.dir/build.make:65: recipe for target 'CMakeFiles/cmTC_5a549.dir/src.cxx.o' failed
gmake[1]: *** [CMakeFiles/cmTC_5a549.dir/src.cxx.o] Error 1
gmake[1]: Leaving directory '/Users/joshwolper/Desktop/quik-deform/quik-deform/cmake-build-debug/CMakeFiles/CMakeTmp'
Makefile:126: recipe for target 'cmTC_5a549/fast' failed
gmake: *** [cmTC_5a549/fast] Error 2

Source file was:

#include <omp.h>
int main() {
#ifdef _OPENMP
  return 0;
#else
  breaks_on_purpose
#endif
}

Performing C++ SOURCE FILE Test OpenMP_FLAG_DETECTED failed with the following output:
Change Dir: /Users/joshwolper/Desktop/quik-deform/quik-deform/cmake-build-debug/CMakeFiles/CMakeTmp

Run Build Command:"/opt/local/bin/gmake" "cmTC_2ae79/fast"
/opt/local/bin/gmake -f CMakeFiles/cmTC_2ae79.dir/build.make CMakeFiles/cmTC_2ae79.dir/build
gmake[1]: Entering directory '/Users/joshwolper/Desktop/quik-deform/quik-deform/cmake-build-debug/CMakeFiles/CMakeTmp'
Building CXX object CMakeFiles/cmTC_2ae79.dir/src.cxx.o
/Applications/Xcode.app/Contents/Developer/Toolchains/XcodeDefault.xctoolchain/usr/bin/c++    -O3  -DOpenMP_FLAG_DETECTED +Oopenmp   -std=gnu++11 -o CMakeFiles/cmTC_2ae79.dir/src.cxx.o -c /Users/joshwolper/Desktop/quik-deform/quik-deform/cmake-build-debug/CMakeFiles/CMakeTmp/src.cxx
clang: error: no such file or directory: '+Oopenmp'
CMakeFiles/cmTC_2ae79.dir/build.make:65: recipe for target 'CMakeFiles/cmTC_2ae79.dir/src.cxx.o' failed
gmake[1]: *** [CMakeFiles/cmTC_2ae79.dir/src.cxx.o] Error 1
gmake[1]: Leaving directory '/Users/joshwolper/Desktop/quik-deform/quik-deform/cmake-build-debug/CMakeFiles/CMakeTmp'
Makefile:126: recipe for target 'cmTC_2ae79/fast' failed
gmake: *** [cmTC_2ae79/fast] Error 2

Source file was:

#include <omp.h>
int main() {
#ifdef _OPENMP
  return 0;
#else
  breaks_on_purpose
#endif
}

Performing C++ SOURCE FILE Test OpenMP_FLAG_DETECTED failed with the following output:
Change Dir: /Users/joshwolper/Desktop/quik-deform/quik-deform/cmake-build-debug/CMakeFiles/CMakeTmp

Run Build Command:"/opt/local/bin/gmake" "cmTC_c395c/fast"
/opt/local/bin/gmake -f CMakeFiles/cmTC_c395c.dir/build.make CMakeFiles/cmTC_c395c.dir/build
gmake[1]: Entering directory '/Users/joshwolper/Desktop/quik-deform/quik-deform/cmake-build-debug/CMakeFiles/CMakeTmp'
Building CXX object CMakeFiles/cmTC_c395c.dir/src.cxx.o
/Applications/Xcode.app/Contents/Developer/Toolchains/XcodeDefault.xctoolchain/usr/bin/c++    -O3  -DOpenMP_FLAG_DETECTED -qsmp   -std=gnu++11 -o CMakeFiles/cmTC_c395c.dir/src.cxx.o -c /Users/joshwolper/Desktop/quik-deform/quik-deform/cmake-build-debug/CMakeFiles/CMakeTmp/src.cxx
clang: error: unknown argument: '-qsmp'
CMakeFiles/cmTC_c395c.dir/build.make:65: recipe for target 'CMakeFiles/cmTC_c395c.dir/src.cxx.o' failed
gmake[1]: *** [CMakeFiles/cmTC_c395c.dir/src.cxx.o] Error 1
gmake[1]: Leaving directory '/Users/joshwolper/Desktop/quik-deform/quik-deform/cmake-build-debug/CMakeFiles/CMakeTmp'
Makefile:126: recipe for target 'cmTC_c395c/fast' failed
gmake: *** [cmTC_c395c/fast] Error 2

Source file was:

#include <omp.h>
int main() {
#ifdef _OPENMP
  return 0;
#else
  breaks_on_purpose
#endif
}

Performing C++ SOURCE FILE Test OpenMP_FLAG_DETECTED failed with the following output:
Change Dir: /Users/joshwolper/Desktop/quik-deform/quik-deform/cmake-build-debug/CMakeFiles/CMakeTmp

Run Build Command:"/opt/local/bin/gmake" "cmTC_dc2ca/fast"
/opt/local/bin/gmake -f CMakeFiles/cmTC_dc2ca.dir/build.make CMakeFiles/cmTC_dc2ca.dir/build
gmake[1]: Entering directory '/Users/joshwolper/Desktop/quik-deform/quik-deform/cmake-build-debug/CMakeFiles/CMakeTmp'
Building CXX object CMakeFiles/cmTC_dc2ca.dir/src.cxx.o
/Applications/Xcode.app/Contents/Developer/Toolchains/XcodeDefault.xctoolchain/usr/bin/c++    -O3  -DOpenMP_FLAG_DETECTED -mp   -std=gnu++11 -o CMakeFiles/cmTC_dc2ca.dir/src.cxx.o -c /Users/joshwolper/Desktop/quik-deform/quik-deform/cmake-build-debug/CMakeFiles/CMakeTmp/src.cxx
clang: error: unknown argument: '-mp'
CMakeFiles/cmTC_dc2ca.dir/build.make:65: recipe for target 'CMakeFiles/cmTC_dc2ca.dir/src.cxx.o' failed
gmake[1]: *** [CMakeFiles/cmTC_dc2ca.dir/src.cxx.o] Error 1
gmake[1]: Leaving directory '/Users/joshwolper/Desktop/quik-deform/quik-deform/cmake-build-debug/CMakeFiles/CMakeTmp'
Makefile:126: recipe for target 'cmTC_dc2ca/fast' failed
gmake: *** [cmTC_dc2ca/fast] Error 2

Source file was:

#include <omp.h>
int main() {
#ifdef _OPENMP
  return 0;
#else
  breaks_on_purpose
#endif
}

Performing C SOURCE FILE Test OpenMP_FLAG_DETECTED failed with the following output:
Change Dir: /Users/joshwolper/Desktop/quik-deform/quik-deform/cmake-build-debug/CMakeFiles/CMakeTmp

Run Build Command:"/opt/local/bin/gmake" "cmTC_05c1c/fast"
gmake[1]: Entering directory '/Users/joshwolper/Desktop/quik-deform/quik-deform/cmake-build-debug/CMakeFiles/CMakeTmp'
/opt/local/bin/gmake -f CMakeFiles/cmTC_05c1c.dir/build.make CMakeFiles/cmTC_05c1c.dir/build
gmake[2]: Entering directory '/Users/joshwolper/Desktop/quik-deform/quik-deform/cmake-build-debug/CMakeFiles/CMakeTmp'
Building C object CMakeFiles/cmTC_05c1c.dir/src.c.o
/Applications/Xcode.app/Contents/Developer/Toolchains/XcodeDefault.xctoolchain/usr/bin/cc   -DOpenMP_FLAG_DETECTED   -o CMakeFiles/cmTC_05c1c.dir/src.c.o   -c /Users/joshwolper/Desktop/quik-deform/quik-deform/cmake-build-debug/CMakeFiles/CMakeTmp/src.c
/Users/joshwolper/Desktop/quik-deform/quik-deform/cmake-build-debug/CMakeFiles/CMakeTmp/src.c:2:10: fatal error: 'omp.h' file not found
#include <omp.h>
         ^
1 error generated.
CMakeFiles/cmTC_05c1c.dir/build.make:65: recipe for target 'CMakeFiles/cmTC_05c1c.dir/src.c.o' failed
gmake[2]: *** [CMakeFiles/cmTC_05c1c.dir/src.c.o] Error 1
gmake[2]: Leaving directory '/Users/joshwolper/Desktop/quik-deform/quik-deform/cmake-build-debug/CMakeFiles/CMakeTmp'
Makefile:126: recipe for target 'cmTC_05c1c/fast' failed
gmake[1]: *** [cmTC_05c1c/fast] Error 2
gmake[1]: Leaving directory '/Users/joshwolper/Desktop/quik-deform/quik-deform/cmake-build-debug/CMakeFiles/CMakeTmp'

Source file was:

#include <omp.h>
int main() {
#ifdef _OPENMP
  return 0;
#else
  breaks_on_purpose
#endif
}

Performing C SOURCE FILE Test OpenMP_FLAG_DETECTED failed with the following output:
Change Dir: /Users/joshwolper/Desktop/quik-deform/quik-deform/cmake-build-debug/CMakeFiles/CMakeTmp

Run Build Command:"/opt/local/bin/gmake" "cmTC_2e449/fast"
gmake[1]: Entering directory '/Users/joshwolper/Desktop/quik-deform/quik-deform/cmake-build-debug/CMakeFiles/CMakeTmp'
/opt/local/bin/gmake -f CMakeFiles/cmTC_2e449.dir/build.make CMakeFiles/cmTC_2e449.dir/build
gmake[2]: Entering directory '/Users/joshwolper/Desktop/quik-deform/quik-deform/cmake-build-debug/CMakeFiles/CMakeTmp'
Building C object CMakeFiles/cmTC_2e449.dir/src.c.o
/Applications/Xcode.app/Contents/Developer/Toolchains/XcodeDefault.xctoolchain/usr/bin/cc   -DOpenMP_FLAG_DETECTED -fopenmp   -o CMakeFiles/cmTC_2e449.dir/src.c.o   -c /Users/joshwolper/Desktop/quik-deform/quik-deform/cmake-build-debug/CMakeFiles/CMakeTmp/src.c
clang: error: unsupported option '-fopenmp'
CMakeFiles/cmTC_2e449.dir/build.make:65: recipe for target 'CMakeFiles/cmTC_2e449.dir/src.c.o' failed
gmake[2]: *** [CMakeFiles/cmTC_2e449.dir/src.c.o] Error 1
gmake[2]: Leaving directory '/Users/joshwolper/Desktop/quik-deform/quik-deform/cmake-build-debug/CMakeFiles/CMakeTmp'
Makefile:126: recipe for target 'cmTC_2e449/fast' failed
gmake[1]: *** [cmTC_2e449/fast] Error 2
gmake[1]: Leaving directory '/Users/joshwolper/Desktop/quik-deform/quik-deform/cmake-build-debug/CMakeFiles/CMakeTmp'

Source file was:

#include <omp.h>
int main() {
#ifdef _OPENMP
  return 0;
#else
  breaks_on_purpose
#endif
}

Performing C SOURCE FILE Test OpenMP_FLAG_DETECTED failed with the following output:
Change Dir: /Users/joshwolper/Desktop/quik-deform/quik-deform/cmake-build-debug/CMakeFiles/CMakeTmp

Run Build Command:"/opt/local/bin/gmake" "cmTC_116ba/fast"
gmake[1]: Entering directory '/Users/joshwolper/Desktop/quik-deform/quik-deform/cmake-build-debug/CMakeFiles/CMakeTmp'
/opt/local/bin/gmake -f CMakeFiles/cmTC_116ba.dir/build.make CMakeFiles/cmTC_116ba.dir/build
gmake[2]: Entering directory '/Users/joshwolper/Desktop/quik-deform/quik-deform/cmake-build-debug/CMakeFiles/CMakeTmp'
Building C object CMakeFiles/cmTC_116ba.dir/src.c.o
/Applications/Xcode.app/Contents/Developer/Toolchains/XcodeDefault.xctoolchain/usr/bin/cc   -DOpenMP_FLAG_DETECTED -fopenmp=libomp   -o CMakeFiles/cmTC_116ba.dir/src.c.o   -c /Users/joshwolper/Desktop/quik-deform/quik-deform/cmake-build-debug/CMakeFiles/CMakeTmp/src.c
clang: error: unsupported argument 'libomp' to option 'fopenmp='
CMakeFiles/cmTC_116ba.dir/build.make:65: recipe for target 'CMakeFiles/cmTC_116ba.dir/src.c.o' failed
gmake[2]: *** [CMakeFiles/cmTC_116ba.dir/src.c.o] Error 1
gmake[2]: Leaving directory '/Users/joshwolper/Desktop/quik-deform/quik-deform/cmake-build-debug/CMakeFiles/CMakeTmp'
Makefile:126: recipe for target 'cmTC_116ba/fast' failed
gmake[1]: *** [cmTC_116ba/fast] Error 2
gmake[1]: Leaving directory '/Users/joshwolper/Desktop/quik-deform/quik-deform/cmake-build-debug/CMakeFiles/CMakeTmp'

Source file was:

#include <omp.h>
int main() {
#ifdef _OPENMP
  return 0;
#else
  breaks_on_purpose
#endif
}

Performing C SOURCE FILE Test OpenMP_FLAG_DETECTED failed with the following output:
Change Dir: /Users/joshwolper/Desktop/quik-deform/quik-deform/cmake-build-debug/CMakeFiles/CMakeTmp

Run Build Command:"/opt/local/bin/gmake" "cmTC_3891a/fast"
gmake[1]: Entering directory '/Users/joshwolper/Desktop/quik-deform/quik-deform/cmake-build-debug/CMakeFiles/CMakeTmp'
/opt/local/bin/gmake -f CMakeFiles/cmTC_3891a.dir/build.make CMakeFiles/cmTC_3891a.dir/build
gmake[2]: Entering directory '/Users/joshwolper/Desktop/quik-deform/quik-deform/cmake-build-debug/CMakeFiles/CMakeTmp'
Building C object CMakeFiles/cmTC_3891a.dir/src.c.o
/Applications/Xcode.app/Contents/Developer/Toolchains/XcodeDefault.xctoolchain/usr/bin/cc   -DOpenMP_FLAG_DETECTED /openmp   -o CMakeFiles/cmTC_3891a.dir/src.c.o   -c /Users/joshwolper/Desktop/quik-deform/quik-deform/cmake-build-debug/CMakeFiles/CMakeTmp/src.c
clang: error: no such file or directory: '/openmp'
CMakeFiles/cmTC_3891a.dir/build.make:65: recipe for target 'CMakeFiles/cmTC_3891a.dir/src.c.o' failed
gmake[2]: *** [CMakeFiles/cmTC_3891a.dir/src.c.o] Error 1
gmake[2]: Leaving directory '/Users/joshwolper/Desktop/quik-deform/quik-deform/cmake-build-debug/CMakeFiles/CMakeTmp'
Makefile:126: recipe for target 'cmTC_3891a/fast' failed
gmake[1]: *** [cmTC_3891a/fast] Error 2
gmake[1]: Leaving directory '/Users/joshwolper/Desktop/quik-deform/quik-deform/cmake-build-debug/CMakeFiles/CMakeTmp'

Source file was:

#include <omp.h>
int main() {
#ifdef _OPENMP
  return 0;
#else
  breaks_on_purpose
#endif
}

Performing C SOURCE FILE Test OpenMP_FLAG_DETECTED failed with the following output:
Change Dir: /Users/joshwolper/Desktop/quik-deform/quik-deform/cmake-build-debug/CMakeFiles/CMakeTmp

Run Build Command:"/opt/local/bin/gmake" "cmTC_ea443/fast"
gmake[1]: Entering directory '/Users/joshwolper/Desktop/quik-deform/quik-deform/cmake-build-debug/CMakeFiles/CMakeTmp'
/opt/local/bin/gmake -f CMakeFiles/cmTC_ea443.dir/build.make CMakeFiles/cmTC_ea443.dir/build
gmake[2]: Entering directory '/Users/joshwolper/Desktop/quik-deform/quik-deform/cmake-build-debug/CMakeFiles/CMakeTmp'
Building C object CMakeFiles/cmTC_ea443.dir/src.c.o
/Applications/Xcode.app/Contents/Developer/Toolchains/XcodeDefault.xctoolchain/usr/bin/cc   -DOpenMP_FLAG_DETECTED -Qopenmp   -o CMakeFiles/cmTC_ea443.dir/src.c.o   -c /Users/joshwolper/Desktop/quik-deform/quik-deform/cmake-build-debug/CMakeFiles/CMakeTmp/src.c
clang: error: unknown argument: '-Qopenmp'
CMakeFiles/cmTC_ea443.dir/build.make:65: recipe for target 'CMakeFiles/cmTC_ea443.dir/src.c.o' failed
gmake[2]: *** [CMakeFiles/cmTC_ea443.dir/src.c.o] Error 1
gmake[2]: Leaving directory '/Users/joshwolper/Desktop/quik-deform/quik-deform/cmake-build-debug/CMakeFiles/CMakeTmp'
Makefile:126: recipe for target 'cmTC_ea443/fast' failed
gmake[1]: *** [cmTC_ea443/fast] Error 2
gmake[1]: Leaving directory '/Users/joshwolper/Desktop/quik-deform/quik-deform/cmake-build-debug/CMakeFiles/CMakeTmp'

Source file was:

#include <omp.h>
int main() {
#ifdef _OPENMP
  return 0;
#else
  breaks_on_purpose
#endif
}

Performing C SOURCE FILE Test OpenMP_FLAG_DETECTED failed with the following output:
Change Dir: /Users/joshwolper/Desktop/quik-deform/quik-deform/cmake-build-debug/CMakeFiles/CMakeTmp

Run Build Command:"/opt/local/bin/gmake" "cmTC_0abbf/fast"
gmake[1]: Entering directory '/Users/joshwolper/Desktop/quik-deform/quik-deform/cmake-build-debug/CMakeFiles/CMakeTmp'
/opt/local/bin/gmake -f CMakeFiles/cmTC_0abbf.dir/build.make CMakeFiles/cmTC_0abbf.dir/build
gmake[2]: Entering directory '/Users/joshwolper/Desktop/quik-deform/quik-deform/cmake-build-debug/CMakeFiles/CMakeTmp'
Building C object CMakeFiles/cmTC_0abbf.dir/src.c.o
/Applications/Xcode.app/Contents/Developer/Toolchains/XcodeDefault.xctoolchain/usr/bin/cc   -DOpenMP_FLAG_DETECTED -openmp   -o CMakeFiles/cmTC_0abbf.dir/src.c.o   -c /Users/joshwolper/Desktop/quik-deform/quik-deform/cmake-build-debug/CMakeFiles/CMakeTmp/src.c
/Users/joshwolper/Desktop/quik-deform/quik-deform/cmake-build-debug/CMakeFiles/CMakeTmp/src.c:2:10: fatal error: 'omp.h' file not found
#include <omp.h>
         ^
1 error generated.
CMakeFiles/cmTC_0abbf.dir/build.make:65: recipe for target 'CMakeFiles/cmTC_0abbf.dir/src.c.o' failed
gmake[2]: *** [CMakeFiles/cmTC_0abbf.dir/src.c.o] Error 1
gmake[2]: Leaving directory '/Users/joshwolper/Desktop/quik-deform/quik-deform/cmake-build-debug/CMakeFiles/CMakeTmp'
Makefile:126: recipe for target 'cmTC_0abbf/fast' failed
gmake[1]: *** [cmTC_0abbf/fast] Error 2
gmake[1]: Leaving directory '/Users/joshwolper/Desktop/quik-deform/quik-deform/cmake-build-debug/CMakeFiles/CMakeTmp'

Source file was:

#include <omp.h>
int main() {
#ifdef _OPENMP
  return 0;
#else
  breaks_on_purpose
#endif
}

Performing C SOURCE FILE Test OpenMP_FLAG_DETECTED failed with the following output:
Change Dir: /Users/joshwolper/Desktop/quik-deform/quik-deform/cmake-build-debug/CMakeFiles/CMakeTmp

Run Build Command:"/opt/local/bin/gmake" "cmTC_b131c/fast"
gmake[1]: Entering directory '/Users/joshwolper/Desktop/quik-deform/quik-deform/cmake-build-debug/CMakeFiles/CMakeTmp'
/opt/local/bin/gmake -f CMakeFiles/cmTC_b131c.dir/build.make CMakeFiles/cmTC_b131c.dir/build
gmake[2]: Entering directory '/Users/joshwolper/Desktop/quik-deform/quik-deform/cmake-build-debug/CMakeFiles/CMakeTmp'
Building C object CMakeFiles/cmTC_b131c.dir/src.c.o
/Applications/Xcode.app/Contents/Developer/Toolchains/XcodeDefault.xctoolchain/usr/bin/cc   -DOpenMP_FLAG_DETECTED -xopenmp   -o CMakeFiles/cmTC_b131c.dir/src.c.o   -c /Users/joshwolper/Desktop/quik-deform/quik-deform/cmake-build-debug/CMakeFiles/CMakeTmp/src.c
clang: error: language not recognized: 'openmp'
clang: warning: /Users/joshwolper/Desktop/quik-deform/quik-deform/cmake-build-debug/CMakeFiles/CMakeTmp/src.c: 'linker' input unused
CMakeFiles/cmTC_b131c.dir/build.make:65: recipe for target 'CMakeFiles/cmTC_b131c.dir/src.c.o' failed
gmake[2]: *** [CMakeFiles/cmTC_b131c.dir/src.c.o] Error 1
gmake[2]: Leaving directory '/Users/joshwolper/Desktop/quik-deform/quik-deform/cmake-build-debug/CMakeFiles/CMakeTmp'
Makefile:126: recipe for target 'cmTC_b131c/fast' failed
gmake[1]: *** [cmTC_b131c/fast] Error 2
gmake[1]: Leaving directory '/Users/joshwolper/Desktop/quik-deform/quik-deform/cmake-build-debug/CMakeFiles/CMakeTmp'

Source file was:

#include <omp.h>
int main() {
#ifdef _OPENMP
  return 0;
#else
  breaks_on_purpose
#endif
}

Performing C SOURCE FILE Test OpenMP_FLAG_DETECTED failed with the following output:
Change Dir: /Users/joshwolper/Desktop/quik-deform/quik-deform/cmake-build-debug/CMakeFiles/CMakeTmp

Run Build Command:"/opt/local/bin/gmake" "cmTC_213fc/fast"
gmake[1]: Entering directory '/Users/joshwolper/Desktop/quik-deform/quik-deform/cmake-build-debug/CMakeFiles/CMakeTmp'
/opt/local/bin/gmake -f CMakeFiles/cmTC_213fc.dir/build.make CMakeFiles/cmTC_213fc.dir/build
gmake[2]: Entering directory '/Users/joshwolper/Desktop/quik-deform/quik-deform/cmake-build-debug/CMakeFiles/CMakeTmp'
Building C object CMakeFiles/cmTC_213fc.dir/src.c.o
/Applications/Xcode.app/Contents/Developer/Toolchains/XcodeDefault.xctoolchain/usr/bin/cc   -DOpenMP_FLAG_DETECTED +Oopenmp   -o CMakeFiles/cmTC_213fc.dir/src.c.o   -c /Users/joshwolper/Desktop/quik-deform/quik-deform/cmake-build-debug/CMakeFiles/CMakeTmp/src.c
clang: error: no such file or directory: '+Oopenmp'
CMakeFiles/cmTC_213fc.dir/build.make:65: recipe for target 'CMakeFiles/cmTC_213fc.dir/src.c.o' failed
gmake[2]: *** [CMakeFiles/cmTC_213fc.dir/src.c.o] Error 1
gmake[2]: Leaving directory '/Users/joshwolper/Desktop/quik-deform/quik-deform/cmake-build-debug/CMakeFiles/CMakeTmp'
Makefile:126: recipe for target 'cmTC_213fc/fast' failed
gmake[1]: *** [cmTC_213fc/fast] Error 2
gmake[1]: Leaving directory '/Users/joshwolper/Desktop/quik-deform/quik-deform/cmake-build-debug/CMakeFiles/CMakeTmp'

Source file was:

#include <omp.h>
int main() {
#ifdef _OPENMP
  return 0;
#else
  breaks_on_purpose
#endif
}

Performing C SOURCE FILE Test OpenMP_FLAG_DETECTED failed with the following output:
Change Dir: /Users/joshwolper/Desktop/quik-deform/quik-deform/cmake-build-debug/CMakeFiles/CMakeTmp

Run Build Command:"/opt/local/bin/gmake" "cmTC_e13ff/fast"
gmake[1]: Entering directory '/Users/joshwolper/Desktop/quik-deform/quik-deform/cmake-build-debug/CMakeFiles/CMakeTmp'
/opt/local/bin/gmake -f CMakeFiles/cmTC_e13ff.dir/build.make CMakeFiles/cmTC_e13ff.dir/build
gmake[2]: Entering directory '/Users/joshwolper/Desktop/quik-deform/quik-deform/cmake-build-debug/CMakeFiles/CMakeTmp'
Building C object CMakeFiles/cmTC_e13ff.dir/src.c.o
/Applications/Xcode.app/Contents/Developer/Toolchains/XcodeDefault.xctoolchain/usr/bin/cc   -DOpenMP_FLAG_DETECTED -qsmp   -o CMakeFiles/cmTC_e13ff.dir/src.c.o   -c /Users/joshwolper/Desktop/quik-deform/quik-deform/cmake-build-debug/CMakeFiles/CMakeTmp/src.c
clang: error: unknown argument: '-qsmp'
CMakeFiles/cmTC_e13ff.dir/build.make:65: recipe for target 'CMakeFiles/cmTC_e13ff.dir/src.c.o' failed
gmake[2]: *** [CMakeFiles/cmTC_e13ff.dir/src.c.o] Error 1
gmake[2]: Leaving directory '/Users/joshwolper/Desktop/quik-deform/quik-deform/cmake-build-debug/CMakeFiles/CMakeTmp'
Makefile:126: recipe for target 'cmTC_e13ff/fast' failed
gmake[1]: *** [cmTC_e13ff/fast] Error 2
gmake[1]: Leaving directory '/Users/joshwolper/Desktop/quik-deform/quik-deform/cmake-build-debug/CMakeFiles/CMakeTmp'

Source file was:

#include <omp.h>
int main() {
#ifdef _OPENMP
  return 0;
#else
  breaks_on_purpose
#endif
}

Performing C SOURCE FILE Test OpenMP_FLAG_DETECTED failed with the following output:
Change Dir: /Users/joshwolper/Desktop/quik-deform/quik-deform/cmake-build-debug/CMakeFiles/CMakeTmp

Run Build Command:"/opt/local/bin/gmake" "cmTC_44070/fast"
gmake[1]: Entering directory '/Users/joshwolper/Desktop/quik-deform/quik-deform/cmake-build-debug/CMakeFiles/CMakeTmp'
/opt/local/bin/gmake -f CMakeFiles/cmTC_44070.dir/build.make CMakeFiles/cmTC_44070.dir/build
gmake[2]: Entering directory '/Users/joshwolper/Desktop/quik-deform/quik-deform/cmake-build-debug/CMakeFiles/CMakeTmp'
Building C object CMakeFiles/cmTC_44070.dir/src.c.o
/Applications/Xcode.app/Contents/Developer/Toolchains/XcodeDefault.xctoolchain/usr/bin/cc   -DOpenMP_FLAG_DETECTED -mp   -o CMakeFiles/cmTC_44070.dir/src.c.o   -c /Users/joshwolper/Desktop/quik-deform/quik-deform/cmake-build-debug/CMakeFiles/CMakeTmp/src.c
clang: error: unknown argument: '-mp'
CMakeFiles/cmTC_44070.dir/build.make:65: recipe for target 'CMakeFiles/cmTC_44070.dir/src.c.o' failed
gmake[2]: *** [CMakeFiles/cmTC_44070.dir/src.c.o] Error 1
gmake[2]: Leaving directory '/Users/joshwolper/Desktop/quik-deform/quik-deform/cmake-build-debug/CMakeFiles/CMakeTmp'
Makefile:126: recipe for target 'cmTC_44070/fast' failed
gmake[1]: *** [cmTC_44070/fast] Error 2
gmake[1]: Leaving directory '/Users/joshwolper/Desktop/quik-deform/quik-deform/cmake-build-debug/CMakeFiles/CMakeTmp'

Source file was:

#include <omp.h>
int main() {
#ifdef _OPENMP
  return 0;
#else
  breaks_on_purpose
#endif
}

Performing C++ SOURCE FILE Test OpenMP_FLAG_DETECTED failed with the following output:
Change Dir: /Users/joshwolper/Desktop/quik-deform/quik-deform/cmake-build-debug/CMakeFiles/CMakeTmp

Run Build Command:"/opt/local/bin/gmake" "cmTC_a4b22/fast"
gmake[1]: Entering directory '/Users/joshwolper/Desktop/quik-deform/quik-deform/cmake-build-debug/CMakeFiles/CMakeTmp'
/opt/local/bin/gmake -f CMakeFiles/cmTC_a4b22.dir/build.make CMakeFiles/cmTC_a4b22.dir/build
gmake[2]: Entering directory '/Users/joshwolper/Desktop/quik-deform/quik-deform/cmake-build-debug/CMakeFiles/CMakeTmp'
Building CXX object CMakeFiles/cmTC_a4b22.dir/src.cxx.o
/Applications/Xcode.app/Contents/Developer/Toolchains/XcodeDefault.xctoolchain/usr/bin/c++    -O3  -DOpenMP_FLAG_DETECTED   -std=gnu++11 -o CMakeFiles/cmTC_a4b22.dir/src.cxx.o -c /Users/joshwolper/Desktop/quik-deform/quik-deform/cmake-build-debug/CMakeFiles/CMakeTmp/src.cxx
/Users/joshwolper/Desktop/quik-deform/quik-deform/cmake-build-debug/CMakeFiles/CMakeTmp/src.cxx:2:10: fatal error: 'omp.h' file not found
#include <omp.h>
         ^
1 error generated.
CMakeFiles/cmTC_a4b22.dir/build.make:65: recipe for target 'CMakeFiles/cmTC_a4b22.dir/src.cxx.o' failed
gmake[2]: *** [CMakeFiles/cmTC_a4b22.dir/src.cxx.o] Error 1
gmake[2]: Leaving directory '/Users/joshwolper/Desktop/quik-deform/quik-deform/cmake-build-debug/CMakeFiles/CMakeTmp'
Makefile:126: recipe for target 'cmTC_a4b22/fast' failed
gmake[1]: *** [cmTC_a4b22/fast] Error 2
gmake[1]: Leaving directory '/Users/joshwolper/Desktop/quik-deform/quik-deform/cmake-build-debug/CMakeFiles/CMakeTmp'

Source file was:

#include <omp.h>
int main() {
#ifdef _OPENMP
  return 0;
#else
  breaks_on_purpose
#endif
}

Performing C++ SOURCE FILE Test OpenMP_FLAG_DETECTED failed with the following output:
Change Dir: /Users/joshwolper/Desktop/quik-deform/quik-deform/cmake-build-debug/CMakeFiles/CMakeTmp

Run Build Command:"/opt/local/bin/gmake" "cmTC_41790/fast"
gmake[1]: Entering directory '/Users/joshwolper/Desktop/quik-deform/quik-deform/cmake-build-debug/CMakeFiles/CMakeTmp'
/opt/local/bin/gmake -f CMakeFiles/cmTC_41790.dir/build.make CMakeFiles/cmTC_41790.dir/build
gmake[2]: Entering directory '/Users/joshwolper/Desktop/quik-deform/quik-deform/cmake-build-debug/CMakeFiles/CMakeTmp'
Building CXX object CMakeFiles/cmTC_41790.dir/src.cxx.o
/Applications/Xcode.app/Contents/Developer/Toolchains/XcodeDefault.xctoolchain/usr/bin/c++    -O3  -DOpenMP_FLAG_DETECTED -fopenmp   -std=gnu++11 -o CMakeFiles/cmTC_41790.dir/src.cxx.o -c /Users/joshwolper/Desktop/quik-deform/quik-deform/cmake-build-debug/CMakeFiles/CMakeTmp/src.cxx
clang: error: unsupported option '-fopenmp'
CMakeFiles/cmTC_41790.dir/build.make:65: recipe for target 'CMakeFiles/cmTC_41790.dir/src.cxx.o' failed
gmake[2]: *** [CMakeFiles/cmTC_41790.dir/src.cxx.o] Error 1
gmake[2]: Leaving directory '/Users/joshwolper/Desktop/quik-deform/quik-deform/cmake-build-debug/CMakeFiles/CMakeTmp'
Makefile:126: recipe for target 'cmTC_41790/fast' failed
gmake[1]: *** [cmTC_41790/fast] Error 2
gmake[1]: Leaving directory '/Users/joshwolper/Desktop/quik-deform/quik-deform/cmake-build-debug/CMakeFiles/CMakeTmp'

Source file was:

#include <omp.h>
int main() {
#ifdef _OPENMP
  return 0;
#else
  breaks_on_purpose
#endif
}

Performing C++ SOURCE FILE Test OpenMP_FLAG_DETECTED failed with the following output:
Change Dir: /Users/joshwolper/Desktop/quik-deform/quik-deform/cmake-build-debug/CMakeFiles/CMakeTmp

Run Build Command:"/opt/local/bin/gmake" "cmTC_c81d5/fast"
gmake[1]: Entering directory '/Users/joshwolper/Desktop/quik-deform/quik-deform/cmake-build-debug/CMakeFiles/CMakeTmp'
/opt/local/bin/gmake -f CMakeFiles/cmTC_c81d5.dir/build.make CMakeFiles/cmTC_c81d5.dir/build
gmake[2]: Entering directory '/Users/joshwolper/Desktop/quik-deform/quik-deform/cmake-build-debug/CMakeFiles/CMakeTmp'
Building CXX object CMakeFiles/cmTC_c81d5.dir/src.cxx.o
/Applications/Xcode.app/Contents/Developer/Toolchains/XcodeDefault.xctoolchain/usr/bin/c++    -O3  -DOpenMP_FLAG_DETECTED -fopenmp=libomp   -std=gnu++11 -o CMakeFiles/cmTC_c81d5.dir/src.cxx.o -c /Users/joshwolper/Desktop/quik-deform/quik-deform/cmake-build-debug/CMakeFiles/CMakeTmp/src.cxx
clang: error: unsupported argument 'libomp' to option 'fopenmp='
CMakeFiles/cmTC_c81d5.dir/build.make:65: recipe for target 'CMakeFiles/cmTC_c81d5.dir/src.cxx.o' failed
gmake[2]: *** [CMakeFiles/cmTC_c81d5.dir/src.cxx.o] Error 1
gmake[2]: Leaving directory '/Users/joshwolper/Desktop/quik-deform/quik-deform/cmake-build-debug/CMakeFiles/CMakeTmp'
Makefile:126: recipe for target 'cmTC_c81d5/fast' failed
gmake[1]: *** [cmTC_c81d5/fast] Error 2
gmake[1]: Leaving directory '/Users/joshwolper/Desktop/quik-deform/quik-deform/cmake-build-debug/CMakeFiles/CMakeTmp'

Source file was:

#include <omp.h>
int main() {
#ifdef _OPENMP
  return 0;
#else
  breaks_on_purpose
#endif
}

Performing C++ SOURCE FILE Test OpenMP_FLAG_DETECTED failed with the following output:
Change Dir: /Users/joshwolper/Desktop/quik-deform/quik-deform/cmake-build-debug/CMakeFiles/CMakeTmp

Run Build Command:"/opt/local/bin/gmake" "cmTC_af61d/fast"
gmake[1]: Entering directory '/Users/joshwolper/Desktop/quik-deform/quik-deform/cmake-build-debug/CMakeFiles/CMakeTmp'
/opt/local/bin/gmake -f CMakeFiles/cmTC_af61d.dir/build.make CMakeFiles/cmTC_af61d.dir/build
gmake[2]: Entering directory '/Users/joshwolper/Desktop/quik-deform/quik-deform/cmake-build-debug/CMakeFiles/CMakeTmp'
Building CXX object CMakeFiles/cmTC_af61d.dir/src.cxx.o
/Applications/Xcode.app/Contents/Developer/Toolchains/XcodeDefault.xctoolchain/usr/bin/c++    -O3  -DOpenMP_FLAG_DETECTED /openmp   -std=gnu++11 -o CMakeFiles/cmTC_af61d.dir/src.cxx.o -c /Users/joshwolper/Desktop/quik-deform/quik-deform/cmake-build-debug/CMakeFiles/CMakeTmp/src.cxx
clang: error: no such file or directory: '/openmp'
CMakeFiles/cmTC_af61d.dir/build.make:65: recipe for target 'CMakeFiles/cmTC_af61d.dir/src.cxx.o' failed
gmake[2]: *** [CMakeFiles/cmTC_af61d.dir/src.cxx.o] Error 1
gmake[2]: Leaving directory '/Users/joshwolper/Desktop/quik-deform/quik-deform/cmake-build-debug/CMakeFiles/CMakeTmp'
Makefile:126: recipe for target 'cmTC_af61d/fast' failed
gmake[1]: *** [cmTC_af61d/fast] Error 2
gmake[1]: Leaving directory '/Users/joshwolper/Desktop/quik-deform/quik-deform/cmake-build-debug/CMakeFiles/CMakeTmp'

Source file was:

#include <omp.h>
int main() {
#ifdef _OPENMP
  return 0;
#else
  breaks_on_purpose
#endif
}

Performing C++ SOURCE FILE Test OpenMP_FLAG_DETECTED failed with the following output:
Change Dir: /Users/joshwolper/Desktop/quik-deform/quik-deform/cmake-build-debug/CMakeFiles/CMakeTmp

Run Build Command:"/opt/local/bin/gmake" "cmTC_b26c4/fast"
gmake[1]: Entering directory '/Users/joshwolper/Desktop/quik-deform/quik-deform/cmake-build-debug/CMakeFiles/CMakeTmp'
/opt/local/bin/gmake -f CMakeFiles/cmTC_b26c4.dir/build.make CMakeFiles/cmTC_b26c4.dir/build
gmake[2]: Entering directory '/Users/joshwolper/Desktop/quik-deform/quik-deform/cmake-build-debug/CMakeFiles/CMakeTmp'
Building CXX object CMakeFiles/cmTC_b26c4.dir/src.cxx.o
/Applications/Xcode.app/Contents/Developer/Toolchains/XcodeDefault.xctoolchain/usr/bin/c++    -O3  -DOpenMP_FLAG_DETECTED -Qopenmp   -std=gnu++11 -o CMakeFiles/cmTC_b26c4.dir/src.cxx.o -c /Users/joshwolper/Desktop/quik-deform/quik-deform/cmake-build-debug/CMakeFiles/CMakeTmp/src.cxx
clang: error: unknown argument: '-Qopenmp'
CMakeFiles/cmTC_b26c4.dir/build.make:65: recipe for target 'CMakeFiles/cmTC_b26c4.dir/src.cxx.o' failed
gmake[2]: *** [CMakeFiles/cmTC_b26c4.dir/src.cxx.o] Error 1
gmake[2]: Leaving directory '/Users/joshwolper/Desktop/quik-deform/quik-deform/cmake-build-debug/CMakeFiles/CMakeTmp'
Makefile:126: recipe for target 'cmTC_b26c4/fast' failed
gmake[1]: *** [cmTC_b26c4/fast] Error 2
gmake[1]: Leaving directory '/Users/joshwolper/Desktop/quik-deform/quik-deform/cmake-build-debug/CMakeFiles/CMakeTmp'

Source file was:

#include <omp.h>
int main() {
#ifdef _OPENMP
  return 0;
#else
  breaks_on_purpose
#endif
}

Performing C++ SOURCE FILE Test OpenMP_FLAG_DETECTED failed with the following output:
Change Dir: /Users/joshwolper/Desktop/quik-deform/quik-deform/cmake-build-debug/CMakeFiles/CMakeTmp

Run Build Command:"/opt/local/bin/gmake" "cmTC_ade9a/fast"
gmake[1]: Entering directory '/Users/joshwolper/Desktop/quik-deform/quik-deform/cmake-build-debug/CMakeFiles/CMakeTmp'
/opt/local/bin/gmake -f CMakeFiles/cmTC_ade9a.dir/build.make CMakeFiles/cmTC_ade9a.dir/build
gmake[2]: Entering directory '/Users/joshwolper/Desktop/quik-deform/quik-deform/cmake-build-debug/CMakeFiles/CMakeTmp'
Building CXX object CMakeFiles/cmTC_ade9a.dir/src.cxx.o
/Applications/Xcode.app/Contents/Developer/Toolchains/XcodeDefault.xctoolchain/usr/bin/c++    -O3  -DOpenMP_FLAG_DETECTED -openmp   -std=gnu++11 -o CMakeFiles/cmTC_ade9a.dir/src.cxx.o -c /Users/joshwolper/Desktop/quik-deform/quik-deform/cmake-build-debug/CMakeFiles/CMakeTmp/src.cxx
/Users/joshwolper/Desktop/quik-deform/quik-deform/cmake-build-debug/CMakeFiles/CMakeTmp/src.cxx:2:10: fatal error: 'omp.h' file not found
#include <omp.h>
         ^
1 error generated.
CMakeFiles/cmTC_ade9a.dir/build.make:65: recipe for target 'CMakeFiles/cmTC_ade9a.dir/src.cxx.o' failed
gmake[2]: *** [CMakeFiles/cmTC_ade9a.dir/src.cxx.o] Error 1
gmake[2]: Leaving directory '/Users/joshwolper/Desktop/quik-deform/quik-deform/cmake-build-debug/CMakeFiles/CMakeTmp'
Makefile:126: recipe for target 'cmTC_ade9a/fast' failed
gmake[1]: *** [cmTC_ade9a/fast] Error 2
gmake[1]: Leaving directory '/Users/joshwolper/Desktop/quik-deform/quik-deform/cmake-build-debug/CMakeFiles/CMakeTmp'

Source file was:

#include <omp.h>
int main() {
#ifdef _OPENMP
  return 0;
#else
  breaks_on_purpose
#endif
}

Performing C++ SOURCE FILE Test OpenMP_FLAG_DETECTED failed with the following output:
Change Dir: /Users/joshwolper/Desktop/quik-deform/quik-deform/cmake-build-debug/CMakeFiles/CMakeTmp

Run Build Command:"/opt/local/bin/gmake" "cmTC_6a444/fast"
gmake[1]: Entering directory '/Users/joshwolper/Desktop/quik-deform/quik-deform/cmake-build-debug/CMakeFiles/CMakeTmp'
/opt/local/bin/gmake -f CMakeFiles/cmTC_6a444.dir/build.make CMakeFiles/cmTC_6a444.dir/build
gmake[2]: Entering directory '/Users/joshwolper/Desktop/quik-deform/quik-deform/cmake-build-debug/CMakeFiles/CMakeTmp'
Building CXX object CMakeFiles/cmTC_6a444.dir/src.cxx.o
/Applications/Xcode.app/Contents/Developer/Toolchains/XcodeDefault.xctoolchain/usr/bin/c++    -O3  -DOpenMP_FLAG_DETECTED -xopenmp   -std=gnu++11 -o CMakeFiles/cmTC_6a444.dir/src.cxx.o -c /Users/joshwolper/Desktop/quik-deform/quik-deform/cmake-build-debug/CMakeFiles/CMakeTmp/src.cxx
clang: error: language not recognized: 'openmp'
clang: warning: /Users/joshwolper/Desktop/quik-deform/quik-deform/cmake-build-debug/CMakeFiles/CMakeTmp/src.cxx: 'linker' input unused
CMakeFiles/cmTC_6a444.dir/build.make:65: recipe for target 'CMakeFiles/cmTC_6a444.dir/src.cxx.o' failed
gmake[2]: *** [CMakeFiles/cmTC_6a444.dir/src.cxx.o] Error 1
gmake[2]: Leaving directory '/Users/joshwolper/Desktop/quik-deform/quik-deform/cmake-build-debug/CMakeFiles/CMakeTmp'
Makefile:126: recipe for target 'cmTC_6a444/fast' failed
gmake[1]: *** [cmTC_6a444/fast] Error 2
gmake[1]: Leaving directory '/Users/joshwolper/Desktop/quik-deform/quik-deform/cmake-build-debug/CMakeFiles/CMakeTmp'

Source file was:

#include <omp.h>
int main() {
#ifdef _OPENMP
  return 0;
#else
  breaks_on_purpose
#endif
}

Performing C++ SOURCE FILE Test OpenMP_FLAG_DETECTED failed with the following output:
Change Dir: /Users/joshwolper/Desktop/quik-deform/quik-deform/cmake-build-debug/CMakeFiles/CMakeTmp

Run Build Command:"/opt/local/bin/gmake" "cmTC_61283/fast"
gmake[1]: Entering directory '/Users/joshwolper/Desktop/quik-deform/quik-deform/cmake-build-debug/CMakeFiles/CMakeTmp'
/opt/local/bin/gmake -f CMakeFiles/cmTC_61283.dir/build.make CMakeFiles/cmTC_61283.dir/build
gmake[2]: Entering directory '/Users/joshwolper/Desktop/quik-deform/quik-deform/cmake-build-debug/CMakeFiles/CMakeTmp'
Building CXX object CMakeFiles/cmTC_61283.dir/src.cxx.o
/Applications/Xcode.app/Contents/Developer/Toolchains/XcodeDefault.xctoolchain/usr/bin/c++    -O3  -DOpenMP_FLAG_DETECTED +Oopenmp   -std=gnu++11 -o CMakeFiles/cmTC_61283.dir/src.cxx.o -c /Users/joshwolper/Desktop/quik-deform/quik-deform/cmake-build-debug/CMakeFiles/CMakeTmp/src.cxx
clang: error: no such file or directory: '+Oopenmp'
CMakeFiles/cmTC_61283.dir/build.make:65: recipe for target 'CMakeFiles/cmTC_61283.dir/src.cxx.o' failed
gmake[2]: *** [CMakeFiles/cmTC_61283.dir/src.cxx.o] Error 1
gmake[2]: Leaving directory '/Users/joshwolper/Desktop/quik-deform/quik-deform/cmake-build-debug/CMakeFiles/CMakeTmp'
Makefile:126: recipe for target 'cmTC_61283/fast' failed
gmake[1]: *** [cmTC_61283/fast] Error 2
gmake[1]: Leaving directory '/Users/joshwolper/Desktop/quik-deform/quik-deform/cmake-build-debug/CMakeFiles/CMakeTmp'

Source file was:

#include <omp.h>
int main() {
#ifdef _OPENMP
  return 0;
#else
  breaks_on_purpose
#endif
}

Performing C++ SOURCE FILE Test OpenMP_FLAG_DETECTED failed with the following output:
Change Dir: /Users/joshwolper/Desktop/quik-deform/quik-deform/cmake-build-debug/CMakeFiles/CMakeTmp

Run Build Command:"/opt/local/bin/gmake" "cmTC_98c68/fast"
gmake[1]: Entering directory '/Users/joshwolper/Desktop/quik-deform/quik-deform/cmake-build-debug/CMakeFiles/CMakeTmp'
/opt/local/bin/gmake -f CMakeFiles/cmTC_98c68.dir/build.make CMakeFiles/cmTC_98c68.dir/build
gmake[2]: Entering directory '/Users/joshwolper/Desktop/quik-deform/quik-deform/cmake-build-debug/CMakeFiles/CMakeTmp'
Building CXX object CMakeFiles/cmTC_98c68.dir/src.cxx.o
/Applications/Xcode.app/Contents/Developer/Toolchains/XcodeDefault.xctoolchain/usr/bin/c++    -O3  -DOpenMP_FLAG_DETECTED -qsmp   -std=gnu++11 -o CMakeFiles/cmTC_98c68.dir/src.cxx.o -c /Users/joshwolper/Desktop/quik-deform/quik-deform/cmake-build-debug/CMakeFiles/CMakeTmp/src.cxx
clang: error: unknown argument: '-qsmp'
CMakeFiles/cmTC_98c68.dir/build.make:65: recipe for target 'CMakeFiles/cmTC_98c68.dir/src.cxx.o' failed
gmake[2]: *** [CMakeFiles/cmTC_98c68.dir/src.cxx.o] Error 1
gmake[2]: Leaving directory '/Users/joshwolper/Desktop/quik-deform/quik-deform/cmake-build-debug/CMakeFiles/CMakeTmp'
Makefile:126: recipe for target 'cmTC_98c68/fast' failed
gmake[1]: *** [cmTC_98c68/fast] Error 2
gmake[1]: Leaving directory '/Users/joshwolper/Desktop/quik-deform/quik-deform/cmake-build-debug/CMakeFiles/CMakeTmp'

Source file was:

#include <omp.h>
int main() {
#ifdef _OPENMP
  return 0;
#else
  breaks_on_purpose
#endif
}

Performing C++ SOURCE FILE Test OpenMP_FLAG_DETECTED failed with the following output:
Change Dir: /Users/joshwolper/Desktop/quik-deform/quik-deform/cmake-build-debug/CMakeFiles/CMakeTmp

Run Build Command:"/opt/local/bin/gmake" "cmTC_74436/fast"
gmake[1]: Entering directory '/Users/joshwolper/Desktop/quik-deform/quik-deform/cmake-build-debug/CMakeFiles/CMakeTmp'
/opt/local/bin/gmake -f CMakeFiles/cmTC_74436.dir/build.make CMakeFiles/cmTC_74436.dir/build
gmake[2]: Entering directory '/Users/joshwolper/Desktop/quik-deform/quik-deform/cmake-build-debug/CMakeFiles/CMakeTmp'
Building CXX object CMakeFiles/cmTC_74436.dir/src.cxx.o
/Applications/Xcode.app/Contents/Developer/Toolchains/XcodeDefault.xctoolchain/usr/bin/c++    -O3  -DOpenMP_FLAG_DETECTED -mp   -std=gnu++11 -o CMakeFiles/cmTC_74436.dir/src.cxx.o -c /Users/joshwolper/Desktop/quik-deform/quik-deform/cmake-build-debug/CMakeFiles/CMakeTmp/src.cxx
clang: error: unknown argument: '-mp'
CMakeFiles/cmTC_74436.dir/build.make:65: recipe for target 'CMakeFiles/cmTC_74436.dir/src.cxx.o' failed
gmake[2]: *** [CMakeFiles/cmTC_74436.dir/src.cxx.o] Error 1
gmake[2]: Leaving directory '/Users/joshwolper/Desktop/quik-deform/quik-deform/cmake-build-debug/CMakeFiles/CMakeTmp'
Makefile:126: recipe for target 'cmTC_74436/fast' failed
gmake[1]: *** [cmTC_74436/fast] Error 2
gmake[1]: Leaving directory '/Users/joshwolper/Desktop/quik-deform/quik-deform/cmake-build-debug/CMakeFiles/CMakeTmp'

Source file was:

#include <omp.h>
int main() {
#ifdef _OPENMP
  return 0;
#else
  breaks_on_purpose
#endif
}

